#
# A fatal error has been detected by the Java Runtime Environment:
#
#  Internal Error (jvmciRuntime.cpp:1609), pid=25, tid=40
#  fatal error: Fatal exception in JVMCI: Error calling jdk.vm.ci.services.Services.serializeSavedProperties
#
# JRE version: OpenJDK Runtime Environment GraalVM CE 22.3.0 (17.0.5+8) (build 17.0.5+8-jvmci-22.3-b08)
# Java VM: OpenJDK 64-Bit Server VM GraalVM CE 22.3.0 (17.0.5+8-jvmci-22.3-b08, mixed mode, sharing, tiered, jvmci, jvmci compiler, compressed oops, compressed class ptrs, parallel gc, linux-amd64)
# Problematic frame:
# V  [libjvm.so+0x972714]  JVMCIRuntime::fatal_exception(JVMCIEnv*, char const*)+0x74
#
# Core dump will be written. Default location: Core dumps may be processed with "/usr/share/apport/apport -p%p -s%s -c%c -d%d -P%P -u%u -g%g -- %E" (or dumping to /home/runner/finalProgect/core.25)
#
# If you would like to submit a bug report, please visit:
#   https://github.com/oracle/graal/issues
#

---------------  S U M M A R Y ------------

Command Line: -XX:ThreadPriorityPolicy=1 -XX:+UnlockExperimentalVMOptions -XX:+EnableJVMCIProduct -XX:JVMCIThreadsPerNativeLibraryRuntime=1 -XX:-UnlockExperimentalVMOptions -Declipse.application=org.eclipse.jdt.ls.core.id1 -Dosgi.bundles.defaultStartLevel=4 -Declipse.product=org.eclipse.jdt.ls.core.product -Dlog.level=ALL -Xverify:none -XX:+UseParallelGC -XX:GCTimeRatio=4 -XX:AdaptiveSizePolicyWeight=90 -Dsun.zip.disableMemoryMapping=true -Xmx512m -Xms100m /nix/store/m6gcpi1ii6rghy04cjwjddcavv7i90df-jdt-language-server-1.9.0/share/java/plugins/org.eclipse.equinox.launcher_1.6.400.v20210924-0641.jar --add-modules=ALL-SYSTEM --add-opens java.base/java.util=ALL-UNNAMED --add-opens java.base/java.lang=ALL-UNNAMED -configuration /home/runner/.cache/jdt-language-server/config -data /home/runner/.cache/jdt-language-server/data/home/runner/finalProgect

Host: AMD EPYC 7B12, 8 cores, 1G, Ubuntu 20.04.2 LTS
Time: Fri Mar  3 19:38:58 2023 UTC elapsed time: 1473.831515 seconds (0d 0h 24m 33s)

---------------  T H R E A D  ---------------

Current thread (0x00007f88e00b21e0):  JavaThread "JVMCI-native CompilerThread0" daemon [_thread_in_vm, id=40, stack(0x00007f88c5118000,0x00007f88c5318000)]


Current CompileTask:
JVMCI-native:1473832 10591       4       org.eclipse.core.runtime.SubMonitor::isCanceled (20 bytes)

Stack: [0x00007f88c5118000,0x00007f88c5318000],  sp=0x00007f88c5316380,  free space=2040k
Native frames: (J=compiled Java code, j=interpreted, Vv=VM code, C=native code)
V  [libjvm.so+0x972714]  JVMCIRuntime::fatal_exception(JVMCIEnv*, char const*)+0x74
V  [libjvm.so+0x93e2fe]  JVMCIEnv::copy_saved_properties()+0x14e
V  [libjvm.so+0x9732a9]  JVMCIRuntime::initialize(JVMCIEnv*)+0xb19
V  [libjvm.so+0x9738a2]  JVMCIRuntime::get_HotSpotJVMCIRuntime(JVMCIEnv*)+0x12
V  [libjvm.so+0x9749f2]  JVMCIRuntime::compile_method(JVMCIEnv*, JVMCICompiler*, methodHandle const&, int)+0xd2
V  [libjvm.so+0x5b0d20]  CompileBroker::invoke_compiler_on_method(CompileTask*)+0x1470
V  [libjvm.so+0x5b12e8]  CompileBroker::compiler_thread_loop()+0x528
V  [libjvm.so+0xd82460]  JavaThread::thread_main_inner()+0xd0
V  [libjvm.so+0xd85a40]  Thread::call_run()+0xc0
V  [libjvm.so+0xbdb1e1]  thread_native_entry(Thread*)+0xe1

Register to memory mapping:

RAX=0x00007f88e4ea9000 points into unknown readable memory: 0x0000000000000058 | 58 00 00 00 00 00 00 00
RBX=0x00007f88e5fa4398: <offset 0x0000000000ef5398> in /nix/store/gpxl5qgg8kicmcvivwmybwjlpf7wh20l-graalvm17-ce-22.3.0/lib/server/libjvm.so at 0x00007f88e50af000
RCX=0x00007f88e5f5c1e8: <offset 0x0000000000ead1e8> in /nix/store/gpxl5qgg8kicmcvivwmybwjlpf7wh20l-graalvm17-ce-22.3.0/lib/server/libjvm.so at 0x00007f88e50af000
RDX=0x0000000000000649 is an unknown value
RSP=0x00007f88c5316380 is pointing into the stack for thread: 0x00007f88e00b21e0
RBP=0x00007f88c53163a0 is pointing into the stack for thread: 0x00007f88e00b21e0
RSI=0x00007f88e5fa4c48: <offset 0x0000000000ef5c48> in /nix/store/gpxl5qgg8kicmcvivwmybwjlpf7wh20l-graalvm17-ce-22.3.0/lib/server/libjvm.so at 0x00007f88e50af000
RDI=0x00000000e0000000 is an oop: java.lang.String 
{0x00000000e0000000} - klass: 'java/lang/String'
 - string: "resolution"
R8 =0x00007f88e5fa4398: <offset 0x0000000000ef5398> in /nix/store/gpxl5qgg8kicmcvivwmybwjlpf7wh20l-graalvm17-ce-22.3.0/lib/server/libjvm.so at 0x00007f88e50af000
R9 =0x0000000000000003 is an unknown value
R10=0x00007f88e62f5da0: <offset 0x0000000001246da0> in /nix/store/gpxl5qgg8kicmcvivwmybwjlpf7wh20l-graalvm17-ce-22.3.0/lib/server/libjvm.so at 0x00007f88e50af000
R11=0x000000080044f048 is pointing into metadata
R12=0x0 is NULL
R13=0x00007f88e00b21e0 is a thread
R14=0x00007f88e0000b80 points into unknown readable memory: 0x00007f88e61d5a38 | 38 5a 1d e6 88 7f 00 00
R15=0x00007f88e62e3e40: <offset 0x0000000001234e40> in /nix/store/gpxl5qgg8kicmcvivwmybwjlpf7wh20l-graalvm17-ce-22.3.0/lib/server/libjvm.so at 0x00007f88e50af000


Registers:
RAX=0x00007f88e4ea9000, RBX=0x00007f88e5fa4398, RCX=0x00007f88e5f5c1e8, RDX=0x0000000000000649
RSP=0x00007f88c5316380, RBP=0x00007f88c53163a0, RSI=0x00007f88e5fa4c48, RDI=0x00000000e0000000
R8 =0x00007f88e5fa4398, R9 =0x0000000000000003, R10=0x00007f88e62f5da0, R11=0x000000080044f048
R12=0x0000000000000000, R13=0x00007f88e00b21e0, R14=0x00007f88e0000b80, R15=0x00007f88e62e3e40
RIP=0x00007f88e5a21714, EFLAGS=0x0000000000010206, CSGSFS=0x002b000000000033, ERR=0x0000000000000006
  TRAPNO=0x000000000000000e

Top of Stack: (sp=0x00007f88c5316380)
0x00007f88c5316380:   00007f88c5316940 00007f88e00b21e0
0x00007f88c5316390:   00007f88e483a8c8 0000000800c417a0
0x00007f88c53163a0:   00007f88c5316500 00007f88e59ed2fe
0x00007f88c53163b0:   00007f88c53163e0 00007f88c5316440 

Instructions: (pc=0x00007f88e5a21714)
0x00007f88e5a21614:   30 e8 f6 cf e8 ff 4c 89 e7 e8 2e 48 d1 ff 84 db
0x00007f88e5a21624:   75 2a 4d 85 ed 74 04 4d 8b 6d 00 48 83 c4 08 44
0x00007f88e5a21634:   89 f9 4c 89 f2 4c 89 ee 5b 4c 89 e7 41 5c 41 5d
0x00007f88e5a21644:   41 5e 41 5f 5d e9 e2 47 d1 ff 66 90 48 83 c4 08
0x00007f88e5a21654:   5b 41 5c 41 5d 41 5e 41 5f 5d c3 90 31 d2 be 08
0x00007f88e5a21664:   00 00 00 4c 89 ff e8 b1 78 a3 ff 49 89 c5 e9 37
0x00007f88e5a21674:   ff ff ff 66 0f 1f 84 00 00 00 00 00 48 8b 7a 08
0x00007f88e5a21684:   e9 6d ff ff ff 0f 1f 80 00 00 00 00 e8 5b 48 0a
0x00007f88e5a21694:   00 84 c0 75 89 e9 6a ff ff ff 66 90 55 48 89 e5
0x00007f88e5a216a4:   41 56 41 55 41 54 49 89 fc 53 48 89 f3 66 48 8d
0x00007f88e5a216b4:   3d 27 5e 85 00 66 66 48 e8 df 43 8d ff 4c 8b 28
0x00007f88e5a216c4:   8b 05 be 72 8a 00 85 c0 75 14 ba 01 00 00 00 48
0x00007f88e5a216d4:   8d 0d ae 72 8a 00 f0 0f b1 11 85 c0 74 4e be c8
0x00007f88e5a216e4:   00 00 00 4c 89 ef e8 01 0b 41 00 48 8d 05 12 ac
0x00007f88e5a216f4:   85 00 49 89 d8 48 8d 0d e8 aa 53 00 ba 49 06 00
0x00007f88e5a21704:   00 48 8d 35 3c 35 58 00 bf 00 00 00 e0 48 8b 00
0x00007f88e5a21714:   c6 00 58 31 c0 e8 e2 91 c6 ff 5b 41 5c 41 5d 41
0x00007f88e5a21724:   5e 5d e9 55 34 26 00 0f 1f 44 00 00 48 8d 05 81
0x00007f88e5a21734:   a3 8b 00 48 89 df 4c 8b 30 e8 9e 43 8d ff 48 89
0x00007f88e5a21744:   de 48 89 c2 49 8b 06 4c 89 f7 ff 50 08 4c 89 f7
0x00007f88e5a21754:   e8 a7 5c 27 00 4d 85 e4 74 12 be 01 00 00 00 4c
0x00007f88e5a21764:   89 e7 e8 35 43 fc ff eb 82 0f 1f 00 be 01 00 00
0x00007f88e5a21774:   00 4c 89 ef e8 d3 fd ff ff e9 6d ff ff ff 66 66
0x00007f88e5a21784:   2e 0f 1f 84 00 00 00 00 00 0f 1f 00 55 48 89 e5
0x00007f88e5a21794:   41 57 41 56 41 55 41 54 53 48 81 ec 08 02 00 00
0x00007f88e5a217a4:   64 48 8b 04 25 28 00 00 00 48 89 45 c8 8b 07 83
0x00007f88e5a217b4:   f8 02 0f 84 11 04 00 00 4c 8b 6f 18 49 89 ff 49
0x00007f88e5a217c4:   89 f4 4d 85 ed 74 14 4c 89 ef e8 5d 57 22 00 41
0x00007f88e5a217d4:   8b 07 83 f8 02 0f 84 19 04 00 00 48 8d 1d 9a 06
0x00007f88e5a217e4:   8a 00 4c 8d 35 0b 3c 58 00 eb 38 90 48 85 d2 7f
0x00007f88e5a217f4:   0d 48 8d 05 b4 c0 85 00 48 83 38 00 7e 0e 41 8b
0x00007f88e5a21804:   77 2c 4c 89 f7 31 c0 e8 a0 b2 f7 ff 49 8b 7f 18 


Stack slot to memory mapping:
stack at sp + 0 slots: 0x00007f88c5316940 is pointing into the stack for thread: 0x00007f88e00b21e0
stack at sp + 1 slots: 0x00007f88e00b21e0 is a thread
stack at sp + 2 slots: 0x00007f88e483a8c8 points into unknown readable memory: 0x6573001880c9ffff | ff ff c9 80 18 00 73 65
stack at sp + 3 slots: 0x0000000800c417a0 is a pointer to class: 
jdk.vm.ci.services.Services {0x0000000800c417a0}
 - instance size:     2
 - klass size:        65
 - access:            public final synchronized 
 - state:             fully_initialized
 - name:              'jdk/vm/ci/services/Services'
 - super:             'java/lang/Object'
 - sub:               
 - arrays:            NULL
 - methods:           Array<T>(0x00007f88c5c40be8)
 - method ordering:   Array<T>(0x0000000800928960)
 - default_methods:   Array<T>(0x0000000000000000)
 - local interfaces:  Array<T>(0x00000008005ce810)
 - trans. interfaces: Array<T>(0x00000008005ce810)
 - constants:         constant pool [427] {0x00007f88c5c3fcc8} for 'jdk/vm/ci/services/Services' cache=0x00007f88c5c41eb8
 - class loader data:  loader data: 0x00007f88e00283f0 of 'bootstrap'
 - source file:       'Services.java'
 - class annotations:       Array<T>(0x0000000000000000)
 - class type annotations:  Array<T>(0x0000000000000000)
 - field annotations:       Array<T>(0x0000000000000000)
 - field type annotations:  Array<T>(0x0000000000000000)
 - inner classes:     Array<T>(0x00007f88c5c41e88)
 - nest members:     Array<T>(0x00007f88c5c41ea8)
 - permitted subclasses:     Array<T>(0x00000008005ce7a0)
 - java mirror:       a 'java/lang/Class'{0x00000000e01488f8} = 'jdk/vm/ci/services/Services'
 - vtable length      5  (start addr: 0x0000000800c41970)
 - itable length      2 (start addr: 0x0000000800c41998)
 - ---- static fields (3 words):
 - public static final 'IS_BUILDING_NATIVE_IMAGE' 'Z' @128 
 - public static final 'IS_IN_NATIVE_IMAGE' 'Z' @129 
 - private static volatile 'savedProperties' 'Ljava/util/Map;' @112 
 - static final 'JVMCI_ENABLED' 'Z' @130 
 - private static final 'servicesCache' 'Ljava/util/Map;' @116 
 - private static final 'MAX_UNICODE_IN_UTF8_LENGTH' 'I' @120 
 - private static final 'MAX_UTF8_PROPERTY_STRING_LENGTH' 'I' @124 
 - ---- non-static fields (0 words):
 - non-static oop maps: 
stack at sp + 4 slots: 0x00007f88c5316500 is pointing into the stack for thread: 0x00007f88e00b21e0
stack at sp + 5 slots: 0x00007f88e59ed2fe: <offset 0x000000000093e2fe> in /nix/store/gpxl5qgg8kicmcvivwmybwjlpf7wh20l-graalvm17-ce-22.3.0/lib/server/libjvm.so at 0x00007f88e50af000
stack at sp + 6 slots: 0x00007f88c53163e0 is pointing into the stack for thread: 0x00007f88e00b21e0
stack at sp + 7 slots: 0x00007f88c5316440 is pointing into the stack for thread: 0x00007f88e00b21e0


---------------  P R O C E S S  ---------------

Threads class SMR info:
_java_thread_list=0x00007f8844173590, length=37, elements={
0x00007f88e0026690, 0x00007f88e00a64d0, 0x00007f88e00a7910, 0x00007f88e00ae050,
0x00007f88e00af400, 0x00007f88e00b07f0, 0x00007f88e00b21e0, 0x00007f88e00b36f0,
0x00007f88e00b4b40, 0x00007f88e00d82c0, 0x00007f88e01202e0, 0x00007f88e03138b0,
0x00007f88e0346f80, 0x00007f88e0348f20, 0x00007f88e060e2f0, 0x00007f8874016f90,
0x00007f88742c2c70, 0x00007f8874324e60, 0x00007f887449f1f0, 0x00007f8874349700,
0x00007f88e0475cd0, 0x00007f88e0632430, 0x00007f8868363360, 0x00007f88440f3ff0,
0x00007f8844178ad0, 0x000055a4f8522050, 0x00007f884418f070, 0x00007f88441c5020,
0x00007f884417a200, 0x00007f884417b740, 0x00007f88440e0260, 0x00007f884417c6f0,
0x00007f88440df170, 0x00007f88680010d0, 0x00007f88441c3fa0, 0x00007f88440f1310,
0x00007f88440f7930
}

Java Threads: ( => current thread )
  0x00007f88e0026690 JavaThread "main" [_thread_blocked, id=32, stack(0x00007f88e4eca000,0x00007f88e4fca000)]
  0x00007f88e00a64d0 JavaThread "Reference Handler" daemon [_thread_blocked, id=35, stack(0x00007f88c59fe000,0x00007f88c5afe000)]
  0x00007f88e00a7910 JavaThread "Finalizer" daemon [_thread_blocked, id=36, stack(0x00007f88c58fe000,0x00007f88c59fe000)]
  0x00007f88e00ae050 JavaThread "Signal Dispatcher" daemon [_thread_blocked, id=37, stack(0x00007f88c5518000,0x00007f88c5618000)]
  0x00007f88e00af400 JavaThread "Service Thread" daemon [_thread_blocked, id=38, stack(0x00007f88c5418000,0x00007f88c5518000)]
  0x00007f88e00b07f0 JavaThread "Monitor Deflation Thread" daemon [_thread_blocked, id=39, stack(0x00007f88c5318000,0x00007f88c5418000)]
=>0x00007f88e00b21e0 JavaThread "JVMCI-native CompilerThread0" daemon [_thread_in_vm, id=40, stack(0x00007f88c5118000,0x00007f88c5318000)]
  0x00007f88e00b36f0 JavaThread "C1 CompilerThread0" daemon [_thread_blocked, id=41, stack(0x00007f88c4f18000,0x00007f88c5118000)]
  0x00007f88e00b4b40 JavaThread "Sweeper thread" daemon [_thread_blocked, id=42, stack(0x00007f88c4e18000,0x00007f88c4f18000)]
  0x00007f88e00d82c0 JavaThread "Common-Cleaner" daemon [_thread_blocked, id=43, stack(0x00007f88c4d18000,0x00007f88c4e18000)]
  0x00007f88e01202e0 JavaThread "Notification Thread" daemon [_thread_blocked, id=44, stack(0x00007f88c4c18000,0x00007f88c4d18000)]
  0x00007f88e03138b0 JavaThread "Active Thread: Equinox Container: b0a1c8ad-e1c2-40b3-9988-f0c0ed715707" [_thread_blocked, id=63, stack(0x00007f88c4900000,0x00007f88c4a00000)]
  0x00007f88e0346f80 JavaThread "Framework Event Dispatcher: Equinox Container: b0a1c8ad-e1c2-40b3-9988-f0c0ed715707" daemon [_thread_blocked, id=67, stack(0x00007f88c4700000,0x00007f88c4800000)]
  0x00007f88e0348f20 JavaThread "Start Level: Equinox Container: b0a1c8ad-e1c2-40b3-9988-f0c0ed715707" daemon [_thread_blocked, id=68, stack(0x00007f88c4500000,0x00007f88c4600000)]
  0x00007f88e060e2f0 JavaThread "Refresh Thread: Equinox Container: b0a1c8ad-e1c2-40b3-9988-f0c0ed715707" daemon [_thread_blocked, id=69, stack(0x00007f88c4300000,0x00007f88c4400000)]
  0x00007f8874016f90 JavaThread "SCR Component Actor" daemon [_thread_blocked, id=70, stack(0x00007f88c4100000,0x00007f88c4200000)]
  0x00007f88742c2c70 JavaThread "Worker-JM" [_thread_blocked, id=76, stack(0x00007f888c700000,0x00007f888c800000)]
  0x00007f8874324e60 JavaThread "Worker-0: Compacting resource model" [_thread_blocked, id=77, stack(0x00007f888c500000,0x00007f888c600000)]
  0x00007f887449f1f0 JavaThread "Java indexing" daemon [_thread_blocked, id=82, stack(0x00007f888c100000,0x00007f888c200000)]
  0x00007f8874349700 JavaThread "Bundle File Closer" daemon [_thread_blocked, id=84, stack(0x00007f888bf00000,0x00007f888c000000)]
  0x00007f88e0475cd0 JavaThread "pool-3-thread-1" [_thread_blocked, id=85, stack(0x00007f888bd00000,0x00007f888be00000)]
  0x00007f88e0632430 JavaThread "pool-2-thread-1" [_thread_blocked, id=90, stack(0x00007f888b900000,0x00007f888ba00000)]
  0x00007f8868363360 JavaThread "Worker-5: Periodic workspace save." [_thread_blocked, id=117, stack(0x00007f88c4200000,0x00007f88c4300000)]
  0x00007f88440f3ff0 JavaThread "Thread-6" [_thread_blocked, id=135, stack(0x00007f888b100000,0x00007f888b200000)]
  0x00007f8844178ad0 JavaThread "Thread-9" [_thread_blocked, id=162, stack(0x00007f888af00000,0x00007f888b000000)]
  0x000055a4f8522050 JavaThread "pool-4-thread-1" [_thread_blocked, id=178, stack(0x00007f88c4800000,0x00007f88c4900000)]
  0x00007f884418f070 JavaThread "Thread-23" [_thread_blocked, id=180, stack(0x00007f888ac00000,0x00007f888ad00000)]
  0x00007f88441c5020 JavaThread "Thread-31" [_thread_blocked, id=346, stack(0x00007f888b500000,0x00007f888b600000)]
  0x00007f884417a200 JavaThread "Thread-32" [_thread_blocked, id=383, stack(0x00007f888b300000,0x00007f888b400000)]
  0x00007f884417b740 JavaThread "Thread-33" [_thread_blocked, id=388, stack(0x00007f888b600000,0x00007f888b700000)]
  0x00007f88440e0260 JavaThread "Thread-34" [_thread_blocked, id=393, stack(0x00007f888ad00000,0x00007f888ae00000)]
  0x00007f884417c6f0 JavaThread "Thread-35" [_thread_blocked, id=422, stack(0x00007f888c300000,0x00007f888c400000)]
  0x00007f88440df170 JavaThread "Thread-37" [_thread_blocked, id=440, stack(0x00007f888b700000,0x00007f888b800000)]
  0x00007f88680010d0 JavaThread "Worker-7" [_thread_blocked, id=748, stack(0x00007f888bb00000,0x00007f888bc00000)]
  0x00007f88441c3fa0 JavaThread "Thread-41" [_thread_blocked, id=1321, stack(0x00007f888a900000,0x00007f888aa00000)]
  0x00007f88440f1310 JavaThread "Thread-42" [_thread_blocked, id=1847, stack(0x00007f888c900000,0x00007f888ca00000)]
  0x00007f88440f7930 JavaThread "Thread-43" [_thread_blocked, id=1920, stack(0x00007f88c4a16000,0x00007f88c4b16000)]

Other Threads:
  0x00007f88e00a1c10 VMThread "VM Thread" [stack: 0x00007f88c5b00000,0x00007f88c5c00000] [id=34] _threads_hazard_ptr=0x00007f8844173590
  0x00007f88e0121c80 WatcherThread [stack: 0x00007f88c4b18000,0x00007f88c4c18000] [id=45]
  0x00007f88e003df30 GCTaskThread "GC Thread#0" [stack: 0x00007f88e4a8d000,0x00007f88e4b8d000] [id=33]

Threads with active compile tasks:
JVMCI-native CompilerThread0  1473872 10591       4       org.eclipse.core.runtime.SubMonitor::isCanceled (20 bytes)

VM state: synchronizing (normal execution)

VM Mutex/Monitor currently owned by a thread:  ([mutex/lock_event])
[0x00007f88e0023840] Threads_lock - owner thread: 0x00007f88e00a1c10
[0x00007f88e0023ff0] Heap_lock - owner thread: 0x00007f884417b740

OutOfMemory and StackOverflow Exception counts:
OutOfMemoryError java_heap_errors=1
LinkageErrors=54

Heap address: 0x00000000e0000000, size: 512 MB, Compressed Oops mode: 32-bit

CDS archive(s) mapped at: [0x0000000800000000-0x0000000800bc8000-0x0000000800bc8000), size 12353536, SharedBaseAddress: 0x0000000800000000, ArchiveRelocationMode: 0.
Compressed class space mapped at: 0x0000000800c00000-0x0000000840c00000, reserved size: 1073741824
Narrow klass base: 0x0000000800000000, Narrow klass shift: 0, Narrow klass range: 0x100000000

GC Precious Log:
 CPUs: 8 total, 1 available
 Memory: 1024M
 Large Page Support: Disabled
 NUMA Support: Disabled
 Compressed Oops: Enabled (32-bit)
 Alignments: Space 512K, Generation 512K, Heap 2M
 Heap Min Capacity: 100M
 Heap Initial Capacity: 100M
 Heap Max Capacity: 512M
 Pre-touch: Disabled
 Parallel Workers: 1

Heap:
 PSYoungGen      total 48640K, used 30719K [0x00000000f5580000, 0x00000000f9780000, 0x0000000100000000)
  eden space 30720K, 99% used [0x00000000f5580000,0x00000000f737fff8,0x00000000f7380000)
  from space 17920K, 0% used [0x00000000f8500000,0x00000000f8500000,0x00000000f9680000)
  to   space 17920K, 0% used [0x00000000f7380000,0x00000000f7380000,0x00000000f8500000)
 ParOldGen       total 349696K, used 349692K [0x00000000e0000000, 0x00000000f5580000, 0x00000000f5580000)
  object space 349696K, 99% used [0x00000000e0000000,0x00000000f557f2b8,0x00000000f5580000)
 Metaspace       used 61070K, committed 61952K, reserved 1105920K
  class space    used 5908K, committed 6272K, reserved 1048576K

Card table byte_map: [0x00007f88e4b8d000,0x00007f88e4c8e000] _byte_map_base: 0x00007f88e448d000

Marking Bits: (ParMarkBitMap*) 0x00007f88e62dd4c0
 Begin Bits: [0x00007f88c64b3000, 0x00007f88c6cb3000)
 End Bits:   [0x00007f88c6cb3000, 0x00007f88c74b3000)

Polling page: 0x00007f88e4ea7000

Metaspace:

Usage:
  Non-class:     53.87 MB used.
      Class:      5.77 MB used.
       Both:     59.64 MB used.

Virtual space:
  Non-class space:       56.00 MB reserved,      54.38 MB ( 97%) committed,  7 nodes.
      Class space:        1.00 GB reserved,       6.12 MB ( <1%) committed,  1 nodes.
             Both:        1.05 GB reserved,      60.50 MB (  6%) committed. 

Chunk freelists:
   Non-Class:  1.70 MB
       Class:  1.91 MB
        Both:  3.61 MB

MaxMetaspaceSize: unlimited
CompressedClassSpaceSize: 1.00 GB
Initial GC threshold: 21.00 MB
Current GC threshold: 100.62 MB
CDS: on
MetaspaceReclaimPolicy: balanced
 - commit_granule_bytes: 65536.
 - commit_granule_words: 8192.
 - virtual_space_node_default_size: 1048576.
 - enlarge_chunks_in_place: 1.
 - new_chunks_are_fully_committed: 0.
 - uncommit_free_chunks: 1.
 - use_allocation_guard: 0.
 - handle_deallocations: 1.


Internal statistics:

num_allocs_failed_limit: 6.
num_arena_births: 394.
num_arena_deaths: 72.
num_vsnodes_births: 8.
num_vsnodes_deaths: 0.
num_space_committed: 966.
num_space_uncommitted: 0.
num_chunks_returned_to_freelist: 98.
num_chunks_taken_from_freelist: 2681.
num_chunk_merges: 38.
num_chunk_splits: 1777.
num_chunks_enlarged: 1181.
num_purges: 12.
num_inconsistent_stats: 0.

CodeHeap 'non-profiled nmethods': size=120036Kb used=2596Kb max_used=2782Kb free=117439Kb
 bounds [0x00007f88cef7a000, 0x00007f88cf23a000, 0x00007f88d64b3000]
CodeHeap 'profiled nmethods': size=120032Kb used=17222Kb max_used=19703Kb free=102809Kb
 bounds [0x00007f88c7a42000, 0x00007f88c8d82000, 0x00007f88cef7a000]
CodeHeap 'non-nmethods': size=5692Kb used=1414Kb max_used=1426Kb free=4277Kb
 bounds [0x00007f88c74b3000, 0x00007f88c7723000, 0x00007f88c7a42000]
 total_blobs=7789 nmethods=7038 adapters=625
 compilation: enabled
              stopped_count=0, restarted_count=0
 full_count=0

JVMCI Events (20 events):
Event: 1298.025 Thread 0x00007f88e00b21e0 detached from JVMCI runtime 0
Event: 1337.712 Thread 0x00007f88e00b21e0 attached to JVMCI runtime 0
Event: 1337.714 Thread 0x00007f88e00b21e0 created JavaVM[8]@0x00007f888a39e340 for JVMCI runtime 0
Event: 1337.714 Thread 0x00007f88e00b21e0 initializing JVMCI runtime 0
Event: 1337.714 Thread 0x00007f88e00b21e0 done waiting for JavaVM references initialization in JVMCI runtime 0
Event: 1391.627 Thread 0x00007f88e00b21e0 initialized JVMCI runtime 0
Event: 1393.118 Thread 0x00007f88e00b21e0 compacted oop handles in JVMCI runtime 0 from 52 to 50
Event: 1418.023 Thread 0x00007f88e00b21e0 compacted oop handles in JVMCI runtime 0 from 126 to 115
Event: 1418.023 Thread 0x00007f88e00b21e0 compacted oop handles in JVMCI runtime 0 from 116 to 98
Event: 1422.555 Thread 0x00007f88e00b21e0 detaching from JVMCI runtime 0: releasing idle compiler thread (0 other threads still attached)
Event: 1422.555 Thread 0x00007f88e00b21e0 shutting down HotSpotJVMCIRuntime for JVMCI runtime 0
Event: 1422.555 Thread 0x00007f88e00b21e0 shut down JVMCI runtime 0
Event: 1423.761 Thread 0x00007f88e00b21e0 destroyed JavaVM[8]@0x00007f888a39e340 for JVMCI runtime 0
Event: 1423.761 Thread 0x00007f88e00b21e0 compacted oop handles in JVMCI runtime 0 from 103 to 103
Event: 1423.761 Thread 0x00007f88e00b21e0 releasing handles for JVMCI runtime 0: oop handles=103, metadata handles={total=192, live=192, blocks=45}
Event: 1423.761 Thread 0x00007f88e00b21e0 detached from JVMCI runtime 0
Event: 1433.141 Thread 0x00007f88e00b21e0 attached to JVMCI runtime 0
Event: 1433.142 Thread 0x00007f88e00b21e0 created JavaVM[9]@0x00007f888a39e340 for JVMCI runtime 0
Event: 1435.457 Thread 0x00007f88e00b21e0 initializing JVMCI runtime 0
Event: 1435.457 Thread 0x00007f88e00b21e0 done waiting for JavaVM references initialization in JVMCI runtime 0

Compilation events (20 events):
Event: 1289.728 Thread 0x00007f88e00b21e0 nmethod 10581 0x00007f88cf1e5910 code [0x00007f88cf1e5b20, 0x00007f88cf1e61f8]
Event: 1289.728 Thread 0x00007f88e00b21e0 10582       4       org.eclipse.jdt.internal.compiler.ast.CompilationUnitDeclaration::getMainTypeName (85 bytes)
Event: 1296.849 Thread 0x00007f88e00b21e0 nmethod 10582 0x00007f88cf054590 code [0x00007f88cf054740, 0x00007f88cf054900]
Event: 1296.849 Thread 0x00007f88e00b21e0 10583       4       java.util.concurrent.locks.AbstractQueuedSynchronizer::release (19 bytes)
Event: 1296.855 Thread 0x00007f88e00b21e0 nmethod 10583 0x00007f88cf0fdd90 code [0x00007f88cf0fdfa0, 0x00007f88cf0fe250]
Event: 1298.025 Thread 0x00007f88e00b36f0 10584       3       org.eclipse.jdt.internal.compiler.util.HashtableOfObjectToInt::<init> (48 bytes)
Event: 1299.216 Thread 0x00007f88e00b36f0 nmethod 10584 0x00007f88c7bdc290 code [0x00007f88c7bdc460, 0x00007f88c7bdc790]
Event: 1337.712 Thread 0x00007f88e00b21e0 10585       4       java.util.Arrays$ArrayItr::next (36 bytes)
Event: 1356.535 Thread 0x00007f88e00b36f0 10588       3       sun.nio.cs.UTF_8$Encoder::isLegalReplacement (26 bytes)
Event: 1356.536 Thread 0x00007f88e00b36f0 nmethod 10588 0x00007f88c7aff990 code [0x00007f88c7affb40, 0x00007f88c7affd60]
Event: 1393.083 Thread 0x00007f88e00b21e0 nmethod 10585 0x00007f88cf0fda10 code [0x00007f88cf0fdb80, 0x00007f88cf0fdc50]
Event: 1393.083 Thread 0x00007f88e00b21e0 10586       4       org.eclipse.jdt.internal.compiler.classfmt.FieldInfo::getModifiers (26 bytes)
Event: 1393.118 Thread 0x00007f88e00b21e0 nmethod 10586 0x00007f88cf1e5410 code [0x00007f88cf1e55a0, 0x00007f88cf1e56b0]
Event: 1393.118 Thread 0x00007f88e00b21e0 10587       4       org.eclipse.jdt.internal.compiler.classfmt.FieldInfo::getGenericSignature (46 bytes)
Event: 1393.121 Thread 0x00007f88e00b21e0 nmethod 10587 0x00007f88cf20a290 code [0x00007f88cf20a420, 0x00007f88cf20a520]
Event: 1393.121 Thread 0x00007f88e00b21e0 10589       4       org.eclipse.jdt.internal.compiler.lookup.SplitPackageBinding::combine (73 bytes)
Event: 1418.023 Thread 0x00007f88e00b21e0 nmethod 10589 0x00007f88cf18a810 code [0x00007f88cf18aae0, 0x00007f88cf18ba90]
Event: 1418.023 Thread 0x00007f88e00b21e0 10590       4       java.lang.AbstractStringBuilder::append (45 bytes)
Event: 1421.479 Thread 0x00007f88e00b21e0 nmethod 10590 0x00007f88cf189e90 code [0x00007f88cf18a040, 0x00007f88cf18a5a0]
Event: 1433.141 Thread 0x00007f88e00b21e0 10591       4       org.eclipse.core.runtime.SubMonitor::isCanceled (20 bytes)

GC Heap History (20 events):
Event: 1461.932 GC heap before
{Heap before GC invocations=1303 (full 1160):
 PSYoungGen      total 48640K, used 30720K [0x00000000f5580000, 0x00000000f9780000, 0x0000000100000000)
  eden space 30720K, 100% used [0x00000000f5580000,0x00000000f7380000,0x00000000f7380000)
  from space 17920K, 0% used [0x00000000f8500000,0x00000000f8500000,0x00000000f9680000)
  to   space 17920K, 0% used [0x00000000f7380000,0x00000000f7380000,0x00000000f8500000)
 ParOldGen       total 349696K, used 349692K [0x00000000e0000000, 0x00000000f5580000, 0x00000000f5580000)
  object space 349696K, 99% used [0x00000000e0000000,0x00000000f557f358,0x00000000f5580000)
 Metaspace       used 61070K, committed 61952K, reserved 1105920K
  class space    used 5908K, committed 6272K, reserved 1048576K
}
Event: 1463.039 GC heap after
{Heap after GC invocations=1303 (full 1160):
 PSYoungGen      total 48640K, used 30719K [0x00000000f5580000, 0x00000000f9780000, 0x0000000100000000)
  eden space 30720K, 99% used [0x00000000f5580000,0x00000000f737feb0,0x00000000f7380000)
  from space 17920K, 0% used [0x00000000f7380000,0x00000000f7380000,0x00000000f8500000)
  to   space 17920K, 0% used [0x00000000f8500000,0x00000000f8500000,0x00000000f9680000)
 ParOldGen       total 349696K, used 349692K [0x00000000e0000000, 0x00000000f5580000, 0x00000000f5580000)
  object space 349696K, 99% used [0x00000000e0000000,0x00000000f557f260,0x00000000f5580000)
 Metaspace       used 61070K, committed 61952K, reserved 1105920K
  class space    used 5908K, committed 6272K, reserved 1048576K
}
Event: 1463.040 GC heap before
{Heap before GC invocations=1304 (full 1161):
 PSYoungGen      total 48640K, used 30720K [0x00000000f5580000, 0x00000000f9780000, 0x0000000100000000)
  eden space 30720K, 100% used [0x00000000f5580000,0x00000000f7380000,0x00000000f7380000)
  from space 17920K, 0% used [0x00000000f7380000,0x00000000f7380000,0x00000000f8500000)
  to   space 17920K, 0% used [0x00000000f8500000,0x00000000f8500000,0x00000000f9680000)
 ParOldGen       total 349696K, used 349692K [0x00000000e0000000, 0x00000000f5580000, 0x00000000f5580000)
  object space 349696K, 99% used [0x00000000e0000000,0x00000000f557f260,0x00000000f5580000)
 Metaspace       used 61070K, committed 61952K, reserved 1105920K
  class space    used 5908K, committed 6272K, reserved 1048576K
}
Event: 1464.137 GC heap after
{Heap after GC invocations=1304 (full 1161):
 PSYoungGen      total 48640K, used 30720K [0x00000000f5580000, 0x00000000f9780000, 0x0000000100000000)
  eden space 30720K, 100% used [0x00000000f5580000,0x00000000f7380000,0x00000000f7380000)
  from space 17920K, 0% used [0x00000000f8500000,0x00000000f8500000,0x00000000f9680000)
  to   space 17920K, 0% used [0x00000000f7380000,0x00000000f7380000,0x00000000f8500000)
 ParOldGen       total 349696K, used 349692K [0x00000000e0000000, 0x00000000f5580000, 0x00000000f5580000)
  object space 349696K, 99% used [0x00000000e0000000,0x00000000f557f260,0x00000000f5580000)
 Metaspace       used 61070K, committed 61952K, reserved 1105920K
  class space    used 5908K, committed 6272K, reserved 1048576K
}
Event: 1464.137 GC heap before
{Heap before GC invocations=1305 (full 1162):
 PSYoungGen      total 48640K, used 30720K [0x00000000f5580000, 0x00000000f9780000, 0x0000000100000000)
  eden space 30720K, 100% used [0x00000000f5580000,0x00000000f7380000,0x00000000f7380000)
  from space 17920K, 0% used [0x00000000f8500000,0x00000000f8500000,0x00000000f9680000)
  to   space 17920K, 0% used [0x00000000f7380000,0x00000000f7380000,0x00000000f8500000)
 ParOldGen       total 349696K, used 349694K [0x00000000e0000000, 0x00000000f5580000, 0x00000000f5580000)
  object space 349696K, 99% used [0x00000000e0000000,0x00000000f557f9f8,0x00000000f5580000)
 Metaspace       used 61070K, committed 61952K, reserved 1105920K
  class space    used 5908K, committed 6272K, reserved 1048576K
}
Event: 1465.420 GC heap after
{Heap after GC invocations=1305 (full 1162):
 PSYoungGen      total 48640K, used 30719K [0x00000000f5580000, 0x00000000f9780000, 0x0000000100000000)
  eden space 30720K, 99% used [0x00000000f5580000,0x00000000f737fe90,0x00000000f7380000)
  from space 17920K, 0% used [0x00000000f7380000,0x00000000f7380000,0x00000000f8500000)
  to   space 17920K, 0% used [0x00000000f8500000,0x00000000f8500000,0x00000000f9680000)
 ParOldGen       total 349696K, used 349694K [0x00000000e0000000, 0x00000000f5580000, 0x00000000f5580000)
  object space 349696K, 99% used [0x00000000e0000000,0x00000000f557f9f8,0x00000000f5580000)
 Metaspace       used 61070K, committed 61952K, reserved 1105920K
  class space    used 5908K, committed 6272K, reserved 1048576K
}
Event: 1465.422 GC heap before
{Heap before GC invocations=1306 (full 1163):
 PSYoungGen      total 48640K, used 30720K [0x00000000f5580000, 0x00000000f9780000, 0x0000000100000000)
  eden space 30720K, 100% used [0x00000000f5580000,0x00000000f7380000,0x00000000f7380000)
  from space 17920K, 0% used [0x00000000f7380000,0x00000000f7380000,0x00000000f8500000)
  to   space 17920K, 0% used [0x00000000f8500000,0x00000000f8500000,0x00000000f9680000)
 ParOldGen       total 349696K, used 349694K [0x00000000e0000000, 0x00000000f5580000, 0x00000000f5580000)
  object space 349696K, 99% used [0x00000000e0000000,0x00000000f557f9f8,0x00000000f5580000)
 Metaspace       used 61070K, committed 61952K, reserved 1105920K
  class space    used 5908K, committed 6272K, reserved 1048576K
}
Event: 1466.650 GC heap after
{Heap after GC invocations=1306 (full 1163):
 PSYoungGen      total 48640K, used 30719K [0x00000000f5580000, 0x00000000f9780000, 0x0000000100000000)
  eden space 30720K, 99% used [0x00000000f5580000,0x00000000f737ff98,0x00000000f7380000)
  from space 17920K, 0% used [0x00000000f8500000,0x00000000f8500000,0x00000000f9680000)
  to   space 17920K, 0% used [0x00000000f7380000,0x00000000f7380000,0x00000000f8500000)
 ParOldGen       total 349696K, used 349694K [0x00000000e0000000, 0x00000000f5580000, 0x00000000f5580000)
  object space 349696K, 99% used [0x00000000e0000000,0x00000000f557f9f8,0x00000000f5580000)
 Metaspace       used 61070K, committed 61952K, reserved 1105920K
  class space    used 5908K, committed 6272K, reserved 1048576K
}
Event: 1466.651 GC heap before
{Heap before GC invocations=1307 (full 1164):
 PSYoungGen      total 48640K, used 30719K [0x00000000f5580000, 0x00000000f9780000, 0x0000000100000000)
  eden space 30720K, 99% used [0x00000000f5580000,0x00000000f737fff8,0x00000000f7380000)
  from space 17920K, 0% used [0x00000000f8500000,0x00000000f8500000,0x00000000f9680000)
  to   space 17920K, 0% used [0x00000000f7380000,0x00000000f7380000,0x00000000f8500000)
 ParOldGen       total 349696K, used 349694K [0x00000000e0000000, 0x00000000f5580000, 0x00000000f5580000)
  object space 349696K, 99% used [0x00000000e0000000,0x00000000f557f9f8,0x00000000f5580000)
 Metaspace       used 61070K, committed 61952K, reserved 1105920K
  class space    used 5908K, committed 6272K, reserved 1048576K
}
Event: 1467.761 GC heap after
{Heap after GC invocations=1307 (full 1164):
 PSYoungGen      total 48640K, used 30719K [0x00000000f5580000, 0x00000000f9780000, 0x0000000100000000)
  eden space 30720K, 99% used [0x00000000f5580000,0x00000000f737fff8,0x00000000f7380000)
  from space 17920K, 0% used [0x00000000f7380000,0x00000000f7380000,0x00000000f8500000)
  to   space 17920K, 0% used [0x00000000f8500000,0x00000000f8500000,0x00000000f9680000)
 ParOldGen       total 349696K, used 349694K [0x00000000e0000000, 0x00000000f5580000, 0x00000000f5580000)
  object space 349696K, 99% used [0x00000000e0000000,0x00000000f557f9f8,0x00000000f5580000)
 Metaspace       used 61070K, committed 61952K, reserved 1105920K
  class space    used 5908K, committed 6272K, reserved 1048576K
}
Event: 1467.814 GC heap before
{Heap before GC invocations=1308 (full 1165):
 PSYoungGen      total 48640K, used 30719K [0x00000000f5580000, 0x00000000f9780000, 0x0000000100000000)
  eden space 30720K, 99% used [0x00000000f5580000,0x00000000f737fff8,0x00000000f7380000)
  from space 17920K, 0% used [0x00000000f7380000,0x00000000f7380000,0x00000000f8500000)
  to   space 17920K, 0% used [0x00000000f8500000,0x00000000f8500000,0x00000000f9680000)
 ParOldGen       total 349696K, used 349695K [0x00000000e0000000, 0x00000000f5580000, 0x00000000f5580000)
  object space 349696K, 99% used [0x00000000e0000000,0x00000000f557fff8,0x00000000f5580000)
 Metaspace       used 61070K, committed 61952K, reserved 1105920K
  class space    used 5908K, committed 6272K, reserved 1048576K
}
Event: 1468.834 GC heap after
{Heap after GC invocations=1308 (full 1165):
 PSYoungGen      total 48640K, used 30719K [0x00000000f5580000, 0x00000000f9780000, 0x0000000100000000)
  eden space 30720K, 99% used [0x00000000f5580000,0x00000000f737fff8,0x00000000f7380000)
  from space 17920K, 0% used [0x00000000f8500000,0x00000000f8500000,0x00000000f9680000)
  to   space 17920K, 0% used [0x00000000f7380000,0x00000000f7380000,0x00000000f8500000)
 ParOldGen       total 349696K, used 349695K [0x00000000e0000000, 0x00000000f5580000, 0x00000000f5580000)
  object space 349696K, 99% used [0x00000000e0000000,0x00000000f557fd78,0x00000000f5580000)
 Metaspace       used 61070K, committed 61952K, reserved 1105920K
  class space    used 5908K, committed 6272K, reserved 1048576K
}
Event: 1468.835 GC heap before
{Heap before GC invocations=1309 (full 1166):
 PSYoungGen      total 48640K, used 30719K [0x00000000f5580000, 0x00000000f9780000, 0x0000000100000000)
  eden space 30720K, 99% used [0x00000000f5580000,0x00000000f737fff8,0x00000000f7380000)
  from space 17920K, 0% used [0x00000000f8500000,0x00000000f8500000,0x00000000f9680000)
  to   space 17920K, 0% used [0x00000000f7380000,0x00000000f7380000,0x00000000f8500000)
 ParOldGen       total 349696K, used 349695K [0x00000000e0000000, 0x00000000f5580000, 0x00000000f5580000)
  object space 349696K, 99% used [0x00000000e0000000,0x00000000f557ffd8,0x00000000f5580000)
 Metaspace       used 61070K, committed 61952K, reserved 1105920K
  class space    used 5908K, committed 6272K, reserved 1048576K
}
Event: 1470.003 GC heap after
{Heap after GC invocations=1309 (full 1166):
 PSYoungGen      total 48640K, used 30719K [0x00000000f5580000, 0x00000000f9780000, 0x0000000100000000)
  eden space 30720K, 99% used [0x00000000f5580000,0x00000000f737fff8,0x00000000f7380000)
  from space 17920K, 0% used [0x00000000f7380000,0x00000000f7380000,0x00000000f8500000)
  to   space 17920K, 0% used [0x00000000f8500000,0x00000000f8500000,0x00000000f9680000)
 ParOldGen       total 349696K, used 349695K [0x00000000e0000000, 0x00000000f5580000, 0x00000000f5580000)
  object space 349696K, 99% used [0x00000000e0000000,0x00000000f557fd78,0x00000000f5580000)
 Metaspace       used 61070K, committed 61952K, reserved 1105920K
  class space    used 5908K, committed 6272K, reserved 1048576K
}
Event: 1470.003 GC heap before
{Heap before GC invocations=1310 (full 1167):
 PSYoungGen      total 48640K, used 30719K [0x00000000f5580000, 0x00000000f9780000, 0x0000000100000000)
  eden space 30720K, 99% used [0x00000000f5580000,0x00000000f737fff8,0x00000000f7380000)
  from space 17920K, 0% used [0x00000000f7380000,0x00000000f7380000,0x00000000f8500000)
  to   space 17920K, 0% used [0x00000000f8500000,0x00000000f8500000,0x00000000f9680000)
 ParOldGen       total 349696K, used 349695K [0x00000000e0000000, 0x00000000f5580000, 0x00000000f5580000)
  object space 349696K, 99% used [0x00000000e0000000,0x00000000f557fd78,0x00000000f5580000)
 Metaspace       used 61070K, committed 61952K, reserved 1105920K
  class space    used 5908K, committed 6272K, reserved 1048576K
}
Event: 1471.224 GC heap after
{Heap after GC invocations=1310 (full 1167):
 PSYoungGen      total 48640K, used 30719K [0x00000000f5580000, 0x00000000f9780000, 0x0000000100000000)
  eden space 30720K, 99% used [0x00000000f5580000,0x00000000f737fff8,0x00000000f7380000)
  from space 17920K, 0% used [0x00000000f8500000,0x00000000f8500000,0x00000000f9680000)
  to   space 17920K, 0% used [0x00000000f7380000,0x00000000f7380000,0x00000000f8500000)
 ParOldGen       total 349696K, used 349694K [0x00000000e0000000, 0x00000000f5580000, 0x00000000f5580000)
  object space 349696K, 99% used [0x00000000e0000000,0x00000000f557fbb8,0x00000000f5580000)
 Metaspace       used 61070K, committed 61952K, reserved 1105920K
  class space    used 5908K, committed 6272K, reserved 1048576K
}
Event: 1471.225 GC heap before
{Heap before GC invocations=1311 (full 1168):
 PSYoungGen      total 48640K, used 30719K [0x00000000f5580000, 0x00000000f9780000, 0x0000000100000000)
  eden space 30720K, 99% used [0x00000000f5580000,0x00000000f737fff8,0x00000000f7380000)
  from space 17920K, 0% used [0x00000000f8500000,0x00000000f8500000,0x00000000f9680000)
  to   space 17920K, 0% used [0x00000000f7380000,0x00000000f7380000,0x00000000f8500000)
 ParOldGen       total 349696K, used 349695K [0x00000000e0000000, 0x00000000f5580000, 0x00000000f5580000)
  object space 349696K, 99% used [0x00000000e0000000,0x00000000f557fc10,0x00000000f5580000)
 Metaspace       used 61070K, committed 61952K, reserved 1105920K
  class space    used 5908K, committed 6272K, reserved 1048576K
}
Event: 1472.544 GC heap after
{Heap after GC invocations=1311 (full 1168):
 PSYoungGen      total 48640K, used 30719K [0x00000000f5580000, 0x00000000f9780000, 0x0000000100000000)
  eden space 30720K, 99% used [0x00000000f5580000,0x00000000f737fff8,0x00000000f7380000)
  from space 17920K, 0% used [0x00000000f7380000,0x00000000f7380000,0x00000000f8500000)
  to   space 17920K, 0% used [0x00000000f8500000,0x00000000f8500000,0x00000000f9680000)
 ParOldGen       total 349696K, used 349693K [0x00000000e0000000, 0x00000000f5580000, 0x00000000f5580000)
  object space 349696K, 99% used [0x00000000e0000000,0x00000000f557f638,0x00000000f5580000)
 Metaspace       used 61070K, committed 61952K, reserved 1105920K
  class space    used 5908K, committed 6272K, reserved 1048576K
}
Event: 1472.545 GC heap before
{Heap before GC invocations=1312 (full 1169):
 PSYoungGen      total 48640K, used 30719K [0x00000000f5580000, 0x00000000f9780000, 0x0000000100000000)
  eden space 30720K, 99% used [0x00000000f5580000,0x00000000f737fff8,0x00000000f7380000)
  from space 17920K, 0% used [0x00000000f7380000,0x00000000f7380000,0x00000000f8500000)
  to   space 17920K, 0% used [0x00000000f8500000,0x00000000f8500000,0x00000000f9680000)
 ParOldGen       total 349696K, used 349695K [0x00000000e0000000, 0x00000000f5580000, 0x00000000f5580000)
  object space 349696K, 99% used [0x00000000e0000000,0x00000000f557fe18,0x00000000f5580000)
 Metaspace       used 61070K, committed 61952K, reserved 1105920K
  class space    used 5908K, committed 6272K, reserved 1048576K
}
Event: 1473.818 GC heap after
{Heap after GC invocations=1312 (full 1169):
 PSYoungGen      total 48640K, used 30719K [0x00000000f5580000, 0x00000000f9780000, 0x0000000100000000)
  eden space 30720K, 99% used [0x00000000f5580000,0x00000000f737fff8,0x00000000f7380000)
  from space 17920K, 0% used [0x00000000f8500000,0x00000000f8500000,0x00000000f9680000)
  to   space 17920K, 0% used [0x00000000f7380000,0x00000000f7380000,0x00000000f8500000)
 ParOldGen       total 349696K, used 349690K [0x00000000e0000000, 0x00000000f5580000, 0x00000000f5580000)
  object space 349696K, 99% used [0x00000000e0000000,0x00000000f557e8c0,0x00000000f5580000)
 Metaspace       used 61070K, committed 61952K, reserved 1105920K
  class space    used 5908K, committed 6272K, reserved 1048576K
}

Dll operation events (9 events):
Event: 0.001 Loaded shared library /nix/store/gpxl5qgg8kicmcvivwmybwjlpf7wh20l-graalvm17-ce-22.3.0/lib/libjava.so
Event: 0.006 Loaded shared library /nix/store/gpxl5qgg8kicmcvivwmybwjlpf7wh20l-graalvm17-ce-22.3.0/lib/libjsvml.so
Event: 0.174 Loaded shared library /nix/store/gpxl5qgg8kicmcvivwmybwjlpf7wh20l-graalvm17-ce-22.3.0/lib/libnio.so
Event: 0.177 Loaded shared library /nix/store/gpxl5qgg8kicmcvivwmybwjlpf7wh20l-graalvm17-ce-22.3.0/lib/libzip.so
Event: 0.180 Loaded shared library /nix/store/gpxl5qgg8kicmcvivwmybwjlpf7wh20l-graalvm17-ce-22.3.0/lib/libjvmcicompiler.so
Event: 0.752 Loaded shared library /nix/store/gpxl5qgg8kicmcvivwmybwjlpf7wh20l-graalvm17-ce-22.3.0/lib/libjimage.so
Event: 1.321 Loaded shared library /nix/store/gpxl5qgg8kicmcvivwmybwjlpf7wh20l-graalvm17-ce-22.3.0/lib/libnet.so
Event: 4.332 Loaded shared library /home/runner/.cache/jdt-language-server/config/org.eclipse.equinox.launcher/org.eclipse.equinox.launcher.gtk.linux.x86_64_1.2.400.v20211117-0650/eclipse_11600.so
Event: 12.245 Loaded shared library /nix/store/gpxl5qgg8kicmcvivwmybwjlpf7wh20l-graalvm17-ce-22.3.0/lib/libextnet.so

Deoptimization events (20 events):
Event: 269.628 Thread 0x00007f88e00b21e0 Uncommon trap: trap_request=0xffffffcd fr.pc=0x00007f88cf206405 relative=0x00000000000004c5
Event: 269.628 Thread 0x00007f88e00b21e0 Uncommon trap: reason=intrinsic_or_type_checked_inlining action=reinterpret pc=0x00007f88cf206405 method=java.io.DataOutputStream.writeInt(I)V @ 0 jvmci
Event: 269.628 Thread 0x00007f88e00b21e0 DEOPT PACKING pc=0x00007f88cf206405 sp=0x00007f88c5316000
Event: 269.628 Thread 0x00007f88e00b21e0 DEOPT UNPACKING pc=0x00007f88c7505325 sp=0x00007f88c53154d8 mode 3
Event: 273.421 Thread 0x00007f88440f1310 Uncommon trap: trap_request=0xffffffed fr.pc=0x00007f88cf209f82 relative=0x0000000000000342
Event: 273.421 Thread 0x00007f88440f1310 Uncommon trap: reason=null_assert_or_unreached0 action=reinterpret pc=0x00007f88cf209f82 method=org.eclipse.jdt.internal.core.util.Util.isJavaLikeFileName(Ljava/lang/String;)Z @ 10 jvmci
Event: 273.421 Thread 0x00007f88440f1310 DEOPT PACKING pc=0x00007f88cf209f82 sp=0x00007f888bbfe460
Event: 273.421 Thread 0x00007f88440f1310 DEOPT UNPACKING pc=0x00007f88c7505325 sp=0x00007f888bbfd940 mode 3
Event: 575.375 Thread 0x00007f88e00b21e0 DEOPT PACKING pc=0x00007f88c878a770 sp=0x00007f88c5315ef0
Event: 575.375 Thread 0x00007f88e00b21e0 DEOPT UNPACKING pc=0x00007f88c7505325 sp=0x00007f88c5315458 mode 0
Event: 785.145 Thread 0x00007f88e00b21e0 Uncommon trap: trap_request=0xffffffed fr.pc=0x00007f88cf181f2e relative=0x000000000000118e
Event: 785.145 Thread 0x00007f88e00b21e0 Uncommon trap: reason=null_assert_or_unreached0 action=reinterpret pc=0x00007f88cf181f2e method=java.io.DataOutputStream.writeUTF(Ljava/lang/String;Ljava/io/DataOutput;)I @ 59 jvmci
Event: 785.145 Thread 0x00007f88e00b21e0 DEOPT PACKING pc=0x00007f88cf181f2e sp=0x00007f88c5315f90
Event: 785.145 Thread 0x00007f88e00b21e0 DEOPT UNPACKING pc=0x00007f88c7505325 sp=0x00007f88c5315458 mode 3
Event: 785.145 Thread 0x00007f88e00b21e0 Uncommon trap: trap_request=0xffffffcd fr.pc=0x00007f88cf1e9999 relative=0x0000000000000eb9
Event: 785.145 Thread 0x00007f88e00b21e0 Uncommon trap: reason=intrinsic_or_type_checked_inlining action=reinterpret pc=0x00007f88cf1e9999 method=java.io.DataOutputStream.write([BII)V @ 0 jvmci
Event: 785.145 Thread 0x00007f88e00b21e0 DEOPT PACKING pc=0x00007f88cf1e9999 sp=0x00007f88c5315f90
Event: 785.145 Thread 0x00007f88e00b21e0 DEOPT UNPACKING pc=0x00007f88c7505325 sp=0x00007f88c53153d0 mode 3
Event: 1235.452 Thread 0x00007f88440e0260 DEOPT PACKING pc=0x00007f88c7afa81d sp=0x00007f888adfd510
Event: 1235.452 Thread 0x00007f88440e0260 DEOPT UNPACKING pc=0x00007f88c7505325 sp=0x00007f888adfc958 mode 0

Classes unloaded (20 events):
Event: 149.548 Thread 0x00007f88e00a1c10 Unloading class 0x0000000800d04800 'java/lang/invoke/LambdaForm$MH+0x0000000800d04800'
Event: 157.447 Thread 0x00007f88e00a1c10 Unloading class 0x000000080106d400 'java/lang/invoke/LambdaForm$MH+0x000000080106d400'
Event: 157.447 Thread 0x00007f88e00a1c10 Unloading class 0x000000080106d000 'java/lang/invoke/LambdaForm$MH+0x000000080106d000'
Event: 157.447 Thread 0x00007f88e00a1c10 Unloading class 0x000000080106cc00 'java/lang/invoke/LambdaForm$MH+0x000000080106cc00'
Event: 157.447 Thread 0x00007f88e00a1c10 Unloading class 0x000000080106c800 'java/lang/invoke/LambdaForm$MH+0x000000080106c800'
Event: 157.447 Thread 0x00007f88e00a1c10 Unloading class 0x000000080106c400 'java/lang/invoke/LambdaForm$MH+0x000000080106c400'
Event: 157.447 Thread 0x00007f88e00a1c10 Unloading class 0x000000080106c000 'java/lang/invoke/LambdaForm$MH+0x000000080106c000'
Event: 157.447 Thread 0x00007f88e00a1c10 Unloading class 0x0000000800d9e400 'java/lang/invoke/LambdaForm$MH+0x0000000800d9e400'
Event: 157.447 Thread 0x00007f88e00a1c10 Unloading class 0x0000000800d04000 'java/lang/invoke/LambdaForm$MH+0x0000000800d04000'
Event: 167.186 Thread 0x00007f88e00a1c10 Unloading class 0x0000000801095400 'jdk/internal/reflect/GeneratedSerializationConstructorAccessor4'
Event: 167.186 Thread 0x00007f88e00a1c10 Unloading class 0x0000000801095000 'jdk/internal/reflect/GeneratedSerializationConstructorAccessor3'
Event: 167.186 Thread 0x00007f88e00a1c10 Unloading class 0x0000000801094c00 'jdk/internal/reflect/GeneratedSerializationConstructorAccessor2'
Event: 167.186 Thread 0x00007f88e00a1c10 Unloading class 0x0000000801094800 'jdk/internal/reflect/GeneratedSerializationConstructorAccessor1'
Event: 189.510 Thread 0x00007f88e00a1c10 Unloading class 0x00000008011e4000 'jdk/internal/reflect/GeneratedConstructorAccessor34'
Event: 189.510 Thread 0x00007f88e00a1c10 Unloading class 0x0000000800ee5000 'jdk/internal/reflect/GeneratedConstructorAccessor12'
Event: 189.510 Thread 0x00007f88e00a1c10 Unloading class 0x0000000800ee4800 'jdk/internal/reflect/GeneratedConstructorAccessor10'
Event: 189.510 Thread 0x00007f88e00a1c10 Unloading class 0x0000000800ee4400 'jdk/internal/reflect/GeneratedConstructorAccessor9'
Event: 189.510 Thread 0x00007f88e00a1c10 Unloading class 0x0000000800ee4000 'jdk/internal/reflect/GeneratedConstructorAccessor8'
Event: 204.584 Thread 0x00007f88e00a1c10 Unloading class 0x00000008011f8400 'jdk/internal/reflect/GeneratedConstructorAccessor36'
Event: 204.584 Thread 0x00007f88e00a1c10 Unloading class 0x00000008011f8000 'jdk/internal/reflect/GeneratedConstructorAccessor35'

Classes redefined (0 events):
No events

Internal exceptions (20 events):
Event: 40.420 Thread 0x00007f8844178ad0 Exception <a 'java/lang/ClassCastException'{0x00000000f60d1a40}: class org.eclipse.jdt.internal.compiler.lookup.BinaryTypeBinding cannot be cast to class org.eclipse.jdt.internal.compiler.lookup.SourceTypeBinding (org.eclipse.jdt.internal.compiler.lookup.BinaryTypeBinding and org.eclipse.jdt.internal.compiler.lookup.SourceTypeBinding are in unnamed module of loader org.eclipse.osgi.internal.loader.EquinoxClassLoader @e512cbf)> (0x00000000f60d1a40) 
thrown [src/hotspot/share/interpreter/interpreterRuntime.c
Event: 40.420 Thread 0x00007f8844178ad0 Exception <a 'java/lang/ClassCastException'{0x00000000f60d1ea8}: class org.eclipse.jdt.internal.compiler.lookup.BinaryTypeBinding cannot be cast to class org.eclipse.jdt.internal.compiler.lookup.SourceTypeBinding (org.eclipse.jdt.internal.compiler.lookup.BinaryTypeBinding and org.eclipse.jdt.internal.compiler.lookup.SourceTypeBinding are in unnamed module of loader org.eclipse.osgi.internal.loader.EquinoxClassLoader @e512cbf)> (0x00000000f60d1ea8) 
thrown [src/hotspot/share/interpreter/interpreterRuntime.c
Event: 40.420 Thread 0x00007f8844178ad0 Exception <a 'java/lang/ClassCastException'{0x00000000f60d2310}: class org.eclipse.jdt.internal.compiler.lookup.BinaryTypeBinding cannot be cast to class org.eclipse.jdt.internal.compiler.lookup.SourceTypeBinding (org.eclipse.jdt.internal.compiler.lookup.BinaryTypeBinding and org.eclipse.jdt.internal.compiler.lookup.SourceTypeBinding are in unnamed module of loader org.eclipse.osgi.internal.loader.EquinoxClassLoader @e512cbf)> (0x00000000f60d2310) 
thrown [src/hotspot/share/interpreter/interpreterRuntime.c
Event: 40.439 Thread 0x00007f8850001130 Exception <a 'sun/nio/fs/UnixException'{0x00000000f612d750}> (0x00000000f612d750) 
thrown [src/hotspot/share/prims/jni.cpp, line 516]
Event: 40.712 Thread 0x00007f8850001130 Exception <a 'sun/nio/fs/UnixException'{0x00000000f5856c98}> (0x00000000f5856c98) 
thrown [src/hotspot/share/prims/jni.cpp, line 516]
Event: 40.719 Thread 0x00007f8850001130 Exception <a 'sun/nio/fs/UnixException'{0x00000000f5883e88}> (0x00000000f5883e88) 
thrown [src/hotspot/share/prims/jni.cpp, line 516]
Event: 40.720 Thread 0x00007f8850001130 Exception <a 'sun/nio/fs/UnixException'{0x00000000f58da2a0}> (0x00000000f58da2a0) 
thrown [src/hotspot/share/prims/jni.cpp, line 516]
Event: 41.010 Thread 0x00007f8850001130 Exception <a 'sun/nio/fs/UnixException'{0x00000000f5714718}> (0x00000000f5714718) 
thrown [src/hotspot/share/prims/jni.cpp, line 516]
Event: 41.016 Thread 0x00007f8850001130 Exception <a 'sun/nio/fs/UnixException'{0x00000000f591e020}> (0x00000000f591e020) 
thrown [src/hotspot/share/prims/jni.cpp, line 516]
Event: 46.923 Thread 0x00007f88440f1310 Exception <a 'java/lang/NoSuchMethodError'{0x00000000f5ef39e0}: 'void java.lang.invoke.DirectMethodHandle$Holder.invokeSpecial(java.lang.Object, java.lang.Object, int)'> (0x00000000f5ef39e0) 
thrown [src/hotspot/share/interpreter/linkResolver.cpp, line 758]
Event: 47.010 Thread 0x000055a4f8522050 Exception <a 'java/lang/InterruptedException'{0x00000000f5e7e078}> (0x00000000f5e7e078) 
thrown [src/hotspot/share/runtime/objectMonitor.cpp, line 1470]
Event: 49.720 Thread 0x00007f88440f0a40 Exception <a 'java/lang/NoSuchMethodError'{0x00000000f59a33a0}: 'int java.lang.invoke.DirectMethodHandle$Holder.invokeSpecialIFC(java.lang.Object, java.lang.Object, java.lang.Object, java.lang.Object)'> (0x00000000f59a33a0) 
thrown [src/hotspot/share/interpreter/linkResolver.cpp, line 758]
Event: 61.611 Thread 0x00007f88440f0a40 Exception <a 'java/lang/ArrayIndexOutOfBoundsException'{0x00000000f61b42c8}> (0x00000000f61b42c8) 
thrown [src/hotspot/share/runtime/sharedRuntime.cpp, line 628]
Event: 61.733 Thread 0x00007f88440f0a40 Exception <a 'java/lang/ArrayIndexOutOfBoundsException'{0x00000000f582b200}> (0x00000000f582b200) 
thrown [src/hotspot/share/runtime/sharedRuntime.cpp, line 628]
Event: 61.918 Thread 0x00007f88440f0a40 Exception <a 'java/lang/ArrayIndexOutOfBoundsException'{0x00000000f5c4c510}> (0x00000000f5c4c510) 
thrown [src/hotspot/share/runtime/sharedRuntime.cpp, line 628]
Event: 62.011 Thread 0x00007f88440f0a40 Exception <a 'java/lang/ArrayIndexOutOfBoundsException'{0x00000000f5ef3558}> (0x00000000f5ef3558) 
thrown [src/hotspot/share/runtime/sharedRuntime.cpp, line 628]
Event: 62.170 Thread 0x00007f88440f0a40 Exception <a 'java/lang/ArrayIndexOutOfBoundsException'{0x00000000f5754f78}> (0x00000000f5754f78) 
thrown [src/hotspot/share/runtime/sharedRuntime.cpp, line 628]
Event: 62.227 Thread 0x00007f88440f0a40 Exception <a 'java/lang/ArrayIndexOutOfBoundsException'{0x00000000f59d55d8}> (0x00000000f59d55d8) 
thrown [src/hotspot/share/runtime/sharedRuntime.cpp, line 628]
Event: 785.145 Thread 0x00007f88e00b21e0 Implicit null exception at 0x00007f88cf180edb to 0x00007f88cf181f13
Event: 1471.225 Thread 0x00007f88e00b21e0 Exception <a 'java/lang/OutOfMemoryError'{0x00000000e0004218}> (0x00000000e0004218) 
thrown [src/hotspot/share/gc/shared/memAllocator.cpp, line 136]

VM Operations (20 events):
Event: 1460.634 Executing VM operation: ParallelGCFailedAllocation done
Event: 1460.640 Executing VM operation: ParallelGCFailedAllocation
Event: 1461.932 Executing VM operation: ParallelGCFailedAllocation done
Event: 1461.932 Executing VM operation: ParallelGCFailedAllocation
Event: 1463.039 Executing VM operation: ParallelGCFailedAllocation done
Event: 1463.040 Executing VM operation: ParallelGCFailedAllocation
Event: 1464.137 Executing VM operation: ParallelGCFailedAllocation done
Event: 1464.137 Executing VM operation: ParallelGCFailedAllocation
Event: 1465.420 Executing VM operation: ParallelGCFailedAllocation done
Event: 1465.421 Executing VM operation: ParallelGCFailedAllocation
Event: 1466.650 Executing VM operation: ParallelGCFailedAllocation done
Event: 1466.650 Executing VM operation: ParallelGCFailedAllocation
Event: 1467.761 Executing VM operation: ParallelGCFailedAllocation done
Event: 1467.810 Executing VM operation: ParallelGCFailedAllocation
Event: 1468.835 Executing VM operation: ParallelGCFailedAllocation done
Event: 1468.835 Executing VM operation: ParallelGCFailedAllocation
Event: 1471.224 Executing VM operation: ParallelGCFailedAllocation done
Event: 1471.225 Executing VM operation: ParallelGCFailedAllocation
Event: 1472.544 Executing VM operation: ParallelGCFailedAllocation done
Event: 1472.544 Executing VM operation: ParallelGCFailedAllocation

Events (20 events):
Event: 359.648 Thread 0x00007f88e00b4b40 flushing nmethod 0x00007f88c8d1c410
Event: 359.648 Thread 0x00007f88e00b4b40 flushing nmethod 0x00007f88c8d27b90
Event: 359.648 Thread 0x00007f88e00b4b40 flushing nmethod 0x00007f88c8d28310
Event: 359.648 Thread 0x00007f88e00b4b40 flushing nmethod 0x00007f88c8d28b90
Event: 359.648 Thread 0x00007f88e00b4b40 flushing nmethod 0x00007f88c8d33110
Event: 359.648 Thread 0x00007f88e00b4b40 flushing nmethod 0x00007f88c8d33a90
Event: 359.648 Thread 0x00007f88e00b4b40 flushing nmethod 0x00007f88c8d34110
Event: 359.648 Thread 0x00007f88e00b4b40 flushing nmethod 0x00007f88c8d35110
Event: 359.648 Thread 0x00007f88e00b4b40 flushing nmethod 0x00007f88c8d37290
Event: 365.873 Thread 0x00007f88680010d0 Thread added: 0x00007f88680010d0
Event: 365.873 Protecting memory [0x00007f888bb00000,0x00007f888bb04000] with protection modes 0
Event: 365.874 Thread 0x00007f88440f1310 Thread added: 0x00007f88440f1310
Event: 365.875 Protecting memory [0x00007f888c900000,0x00007f888c904000] with protection modes 0
Event: 696.669 Thread 0x00007f88441c3fa0 Thread added: 0x00007f88441c3fa0
Event: 696.710 Protecting memory [0x00007f888a900000,0x00007f888a904000] with protection modes 0
Event: 929.984 Thread 0x00007f88440f1310 Thread exited: 0x00007f88440f1310
Event: 1150.274 Thread 0x00007f88440f1310 Thread added: 0x00007f88440f1310
Event: 1150.274 Protecting memory [0x00007f888c900000,0x00007f888c904000] with protection modes 0
Event: 1204.313 Thread 0x00007f88440f7930 Thread added: 0x00007f88440f7930
Event: 1204.313 Protecting memory [0x00007f88c4a16000,0x00007f88c4a1a000] with protection modes 0


Dynamic libraries:
e0000000-f5580000 rw-p 00000000 00:00 0 
f5580000-f9780000 rw-p 00000000 00:00 0 
f9780000-100000000 ---p 00000000 00:00 0 
800000000-800449000 rw-p 00001000 00:194a 4611686019135357769            /nix/store/gpxl5qgg8kicmcvivwmybwjlpf7wh20l-graalvm17-ce-22.3.0/lib/server/classes.jsa
800449000-800bc8000 r--p 0044a000 00:194a 4611686019135357769            /nix/store/gpxl5qgg8kicmcvivwmybwjlpf7wh20l-graalvm17-ce-22.3.0/lib/server/classes.jsa
800bc8000-800c00000 ---p 00000000 00:00 0 
800c00000-800c20000 rw-p 00000000 00:00 0 
800c20000-800c40000 rw-p 00000000 00:00 0 
800c40000-800cc0000 rw-p 00000000 00:00 0 
800cc0000-800d00000 rw-p 00000000 00:00 0 
800d00000-800dc0000 rw-p 00000000 00:00 0 
800dc0000-800e00000 rw-p 00000000 00:00 0 
800e00000-800f40000 rw-p 00000000 00:00 0 
800f40000-800fc0000 rw-p 00000000 00:00 0 
800fc0000-801000000 rw-p 00000000 00:00 0 
801000000-801220000 rw-p 00000000 00:00 0 
801220000-840c00000 ---p 00000000 00:00 0 
55a4f7daa000-55a4f7dab000 r-xp 00000000 00:194a 4611686019099417844      /nix/store/gpxl5qgg8kicmcvivwmybwjlpf7wh20l-graalvm17-ce-22.3.0/bin/.java-wrapped
55a4f7dac000-55a4f7dad000 r--p 00001000 00:194a 4611686019099417844      /nix/store/gpxl5qgg8kicmcvivwmybwjlpf7wh20l-graalvm17-ce-22.3.0/bin/.java-wrapped
55a4f7dad000-55a4f7dae000 rw-p 00002000 00:194a 4611686019099417844      /nix/store/gpxl5qgg8kicmcvivwmybwjlpf7wh20l-graalvm17-ce-22.3.0/bin/.java-wrapped
55a4f7dae000-55a4f7daf000 rw-p 00004000 00:194a 4611686019099417844      /nix/store/gpxl5qgg8kicmcvivwmybwjlpf7wh20l-graalvm17-ce-22.3.0/bin/.java-wrapped
55a4f7daf000-55a4f7db0000 rw-p 00005000 00:194a 4611686019099417844      /nix/store/gpxl5qgg8kicmcvivwmybwjlpf7wh20l-graalvm17-ce-22.3.0/bin/.java-wrapped
55a4f84f9000-55a4f8541000 rw-p 00000000 00:00 0                          [heap]
7f87f4000000-7f87f4021000 rw-p 00000000 00:00 0 
7f87f4021000-7f87f8000000 ---p 00000000 00:00 0 
7f87f8000000-7f87f8021000 rw-p 00000000 00:00 0 
7f87f8021000-7f87fc000000 ---p 00000000 00:00 0 
7f87fc000000-7f87fc021000 rw-p 00000000 00:00 0 
7f87fc021000-7f8800000000 ---p 00000000 00:00 0 
7f8800000000-7f8800021000 rw-p 00000000 00:00 0 
7f8800021000-7f8804000000 ---p 00000000 00:00 0 
7f8804000000-7f8804021000 rw-p 00000000 00:00 0 
7f8804021000-7f8808000000 ---p 00000000 00:00 0 
7f8808000000-7f8808021000 rw-p 00000000 00:00 0 
7f8808021000-7f880c000000 ---p 00000000 00:00 0 
7f880c000000-7f880c026000 rw-p 00000000 00:00 0 
7f880c026000-7f8810000000 ---p 00000000 00:00 0 
7f8810000000-7f8810021000 rw-p 00000000 00:00 0 
7f8810021000-7f8814000000 ---p 00000000 00:00 0 
7f8814000000-7f881404e000 rw-p 00000000 00:00 0 
7f881404e000-7f8818000000 ---p 00000000 00:00 0 
7f8818000000-7f8818021000 rw-p 00000000 00:00 0 
7f8818021000-7f881c000000 ---p 00000000 00:00 0 
7f881c000000-7f881c09f000 rw-p 00000000 00:00 0 
7f881c09f000-7f8820000000 ---p 00000000 00:00 0 
7f8820000000-7f8820060000 rw-p 00000000 00:00 0 
7f8820060000-7f8824000000 ---p 00000000 00:00 0 
7f8824000000-7f8824037000 rw-p 00000000 00:00 0 
7f8824037000-7f8828000000 ---p 00000000 00:00 0 
7f8828000000-7f8828052000 rw-p 00000000 00:00 0 
7f8828052000-7f882c000000 ---p 00000000 00:00 0 
7f882c000000-7f882c0c1000 rw-p 00000000 00:00 0 
7f882c0c1000-7f8830000000 ---p 00000000 00:00 0 
7f88324b3000-7f883c000000 r--s 00000000 00:194a 4611686019135192581      /nix/store/gpxl5qgg8kicmcvivwmybwjlpf7wh20l-graalvm17-ce-22.3.0/lib/modules
7f883c000000-7f883c104000 rw-p 00000000 00:00 0 
7f883c104000-7f8840000000 ---p 00000000 00:00 0 
7f8840000000-7f884005c000 rw-p 00000000 00:00 0 
7f884005c000-7f8844000000 ---p 00000000 00:00 0 
7f8844000000-7f88441ca000 rw-p 00000000 00:00 0 
7f88441ca000-7f8848000000 ---p 00000000 00:00 0 
7f8848000000-7f8848029000 rw-p 00000000 00:00 0 
7f8848029000-7f884c000000 ---p 00000000 00:00 0 
7f884c000000-7f884c021000 rw-p 00000000 00:00 0 
7f884c021000-7f8850000000 ---p 00000000 00:00 0 
7f8850000000-7f8850103000 rw-p 00000000 00:00 0 
7f8850103000-7f8854000000 ---p 00000000 00:00 0 
7f8854000000-7f8854021000 rw-p 00000000 00:00 0 
7f8854021000-7f8858000000 ---p 00000000 00:00 0 
7f8858800000-7f8858e60000 rw-p 00000000 00:00 0 
7f8858e60000-7f8859000000 ---p 00000000 00:00 0 
7f885a000000-7f885a800000 rw-p 00000000 00:00 0 
7f885a800000-7f885a980000 rw-p 00000000 00:00 0 
7f885a980000-7f885aa00000 rw-p 00000000 00:00 0 
7f885aa00000-7f885ad00000 rw-p 00000000 00:00 0 
7f885ad00000-7f885ae00000 rw-p 00000000 00:00 0 
7f885ae00000-7f885b000000 rw-p 00000000 00:00 0 
7f885b000000-7f885b100000 rw-p 00000000 00:00 0 
7f885b100000-7f885b180000 rw-p 00000000 00:00 0 
7f885b180000-7f885b200000 rw-p 00000000 00:00 0 
7f885b200000-7f885b300000 rw-p 00000000 00:00 0 
7f885b300000-7f885b400000 rw-p 00000000 00:00 0 
7f885b400000-7f885b500000 rw-p 00000000 00:00 0 
7f885b500000-7f885b600000 rw-p 00000000 00:00 0 
7f885b600000-7f885b800000 rw-p 00000000 00:00 0 
7f885b800000-7f885b900000 rw-p 00000000 00:00 0 
7f885b900000-7f885ba00000 rw-p 00000000 00:00 0 
7f885ba00000-7f885bf80000 rw-p 00000000 00:00 0 
7f885bf80000-7f885c000000 rw-p 00000000 00:00 0 
7f885c000000-7f885c034000 rw-p 00000000 00:00 0 
7f885c034000-7f8860000000 ---p 00000000 00:00 0 
7f8860000000-7f8860059000 rw-p 00000000 00:00 0 
7f8860059000-7f8864000000 ---p 00000000 00:00 0 
7f8864000000-7f8864021000 rw-p 00000000 00:00 0 
7f8864021000-7f8868000000 ---p 00000000 00:00 0 
7f8868000000-7f88683b3000 rw-p 00000000 00:00 0 
7f88683b3000-7f886c000000 ---p 00000000 00:00 0 
7f886c000000-7f886c021000 rw-p 00000000 00:00 0 
7f886c021000-7f8870000000 ---p 00000000 00:00 0 
7f8870000000-7f8870054000 rw-p 00000000 00:00 0 
7f8870054000-7f8874000000 ---p 00000000 00:00 0 
7f8874000000-7f88748d8000 rw-p 00000000 00:00 0 
7f88748d8000-7f8878000000 ---p 00000000 00:00 0 
7f8878000000-7f8878026000 rw-p 00000000 00:00 0 
7f8878026000-7f887c000000 ---p 00000000 00:00 0 
7f887c000000-7f887c021000 rw-p 00000000 00:00 0 
7f887c021000-7f8880000000 ---p 00000000 00:00 0 
7f8880000000-7f8880021000 rw-p 00000000 00:00 0 
7f8880021000-7f8884000000 ---p 00000000 00:00 0 
7f8884000000-7f8884021000 rw-p 00000000 00:00 0 
7f8884021000-7f8888000000 ---p 00000000 00:00 0 
7f8888400000-7f8888500000 rw-p 00000000 00:00 0 
7f8888500000-7f8888600000 rw-p 00000000 00:00 0 
7f8888600000-7f8888900000 rw-p 00000000 00:00 0 
7f8888900000-7f8888a00000 rw-p 00000000 00:00 0 
7f8888a00000-7f8888c00000 rw-p 00000000 00:00 0 
7f8888c00000-7f8888c10000 r-xp 00000000 00:1945 353                      /home/runner/.cache/jdt-language-server/config/org.eclipse.equinox.launcher/org.eclipse.equinox.launcher.gtk.linux.x86_64_1.2.400.v20211117-0650/eclipse_11600.so
7f8888c10000-7f8888e0f000 ---p 00010000 00:1945 353                      /home/runner/.cache/jdt-language-server/config/org.eclipse.equinox.launcher/org.eclipse.equinox.launcher.gtk.linux.x86_64_1.2.400.v20211117-0650/eclipse_11600.so
7f8888e0f000-7f8888e10000 r--p 0000f000 00:1945 353                      /home/runner/.cache/jdt-language-server/config/org.eclipse.equinox.launcher/org.eclipse.equinox.launcher.gtk.linux.x86_64_1.2.400.v20211117-0650/eclipse_11600.so
7f8888e10000-7f8888e11000 rw-p 00010000 00:1945 353                      /home/runner/.cache/jdt-language-server/config/org.eclipse.equinox.launcher/org.eclipse.equinox.launcher.gtk.linux.x86_64_1.2.400.v20211117-0650/eclipse_11600.so
7f8889700000-7f8889800000 ---p 00000000 00:00 0 
7f8889800000-7f8889daf000 r--p 01122000 00:194a 4611686019135190040      /nix/store/gpxl5qgg8kicmcvivwmybwjlpf7wh20l-graalvm17-ce-22.3.0/lib/libjvmcicompiler.so
7f8889daf000-7f8889f00000 r--p 00000000 00:00 0 
7f8889f00000-7f8889f3d000 rw-p 00000000 00:00 0 
7f8889f3d000-7f888a45d000 rw-p 0185f000 00:194a 4611686019135190040      /nix/store/gpxl5qgg8kicmcvivwmybwjlpf7wh20l-graalvm17-ce-22.3.0/lib/libjvmcicompiler.so
7f888a45d000-7f888a844000 r--p 01d7f000 00:194a 4611686019135190040      /nix/store/gpxl5qgg8kicmcvivwmybwjlpf7wh20l-graalvm17-ce-22.3.0/lib/libjvmcicompiler.so
7f888a900000-7f888a904000 ---p 00000000 00:00 0 
7f888a904000-7f888aa00000 rw-p 00000000 00:00 0 
7f888ac00000-7f888ac04000 ---p 00000000 00:00 0 
7f888ac04000-7f888ad00000 rw-p 00000000 00:00 0 
7f888ad00000-7f888ad04000 ---p 00000000 00:00 0 
7f888ad04000-7f888ae00000 rw-p 00000000 00:00 0 
7f888ae00000-7f888ae04000 ---p 00000000 00:00 0 
7f888ae04000-7f888af00000 rw-p 00000000 00:00 0 
7f888af00000-7f888af04000 ---p 00000000 00:00 0 
7f888af04000-7f888b000000 rw-p 00000000 00:00 0 
7f888b000000-7f888b004000 ---p 00000000 00:00 0 
7f888b004000-7f888b100000 rw-p 00000000 00:00 0 
7f888b100000-7f888b104000 ---p 00000000 00:00 0 
7f888b104000-7f888b200000 rw-p 00000000 00:00 0 
7f888b300000-7f888b304000 ---p 00000000 00:00 0 
7f888b304000-7f888b400000 rw-p 00000000 00:00 0 
7f888b400000-7f888b404000 ---p 00000000 00:00 0 
7f888b404000-7f888b500000 rw-p 00000000 00:00 0 
7f888b500000-7f888b504000 ---p 00000000 00:00 0 
7f888b504000-7f888b600000 rw-p 00000000 00:00 0 
7f888b600000-7f888b604000 ---p 00000000 00:00 0 
7f888b604000-7f888b700000 rw-p 00000000 00:00 0 
7f888b700000-7f888b704000 ---p 00000000 00:00 0 
7f888b704000-7f888b800000 rw-p 00000000 00:00 0 
7f888b900000-7f888b904000 ---p 00000000 00:00 0 
7f888b904000-7f888ba00000 rw-p 00000000 00:00 0 
7f888bb00000-7f888bb04000 ---p 00000000 00:00 0 
7f888bb04000-7f888bc00000 rw-p 00000000 00:00 0 
7f888bc00000-7f888bc04000 ---p 00000000 00:00 0 
7f888bc04000-7f888bd00000 rw-p 00000000 00:00 0 
7f888bd00000-7f888bd04000 ---p 00000000 00:00 0 
7f888bd04000-7f888be00000 rw-p 00000000 00:00 0 
7f888be00000-7f888be04000 ---p 00000000 00:00 0 
7f888be04000-7f888bf00000 rw-p 00000000 00:00 0 
7f888bf00000-7f888bf04000 ---p 00000000 00:00 0 
7f888bf04000-7f888c000000 rw-p 00000000 00:00 0 
7f888c000000-7f888c004000 ---p 00000000 00:00 0 
7f888c004000-7f888c100000 rw-p 00000000 00:00 0 
7f888c100000-7f888c104000 ---p 00000000 00:00 0 
7f888c104000-7f888c200000 rw-p 00000000 00:00 0 
7f888c300000-7f888c304000 ---p 00000000 00:00 0 
7f888c304000-7f888c400000 rw-p 00000000 00:00 0 
7f888c500000-7f888c504000 ---p 00000000 00:00 0 
7f888c504000-7f888c600000 rw-p 00000000 00:00 0 
7f888c700000-7f888c704000 ---p 00000000 00:00 0 
7f888c704000-7f888c800000 rw-p 00000000 00:00 0 
7f888c900000-7f888c904000 ---p 00000000 00:00 0 
7f888c904000-7f888ca00000 rw-p 00000000 00:00 0 
7f888d668000-7f888db00000 rw-p 00000000 00:00 0 
7f888dc00000-7f888fd6a000 r-xp 00000000 00:194a 4611686019135190040      /nix/store/gpxl5qgg8kicmcvivwmybwjlpf7wh20l-graalvm17-ce-22.3.0/lib/libjvmcicompiler.so
7f888fd6a000-7f888ff69000 ---p 0216a000 00:194a 4611686019135190040      /nix/store/gpxl5qgg8kicmcvivwmybwjlpf7wh20l-graalvm17-ce-22.3.0/lib/libjvmcicompiler.so
7f888ff69000-7f888ff6a000 r--p 02169000 00:194a 4611686019135190040      /nix/store/gpxl5qgg8kicmcvivwmybwjlpf7wh20l-graalvm17-ce-22.3.0/lib/libjvmcicompiler.so
7f888ff6a000-7f888ff6c000 rw-p 0216a000 00:194a 4611686019135190040      /nix/store/gpxl5qgg8kicmcvivwmybwjlpf7wh20l-graalvm17-ce-22.3.0/lib/libjvmcicompiler.so
7f888ff6c000-7f888ff6d000 rw-p 00000000 00:00 0 
7f888ff6d000-7f888ff72000 rw-p 023c3000 00:194a 4611686019135190040      /nix/store/gpxl5qgg8kicmcvivwmybwjlpf7wh20l-graalvm17-ce-22.3.0/lib/libjvmcicompiler.so
7f8890000000-7f8890021000 rw-p 00000000 00:00 0 
7f8890021000-7f8894000000 ---p 00000000 00:00 0 
7f8894000000-7f8894021000 rw-p 00000000 00:00 0 
7f8894021000-7f8898000000 ---p 00000000 00:00 0 
7f8898000000-7f8898021000 rw-p 00000000 00:00 0 
7f8898021000-7f889c000000 ---p 00000000 00:00 0 
7f889c000000-7f889c021000 rw-p 00000000 00:00 0 
7f889c021000-7f88a0000000 ---p 00000000 00:00 0 
7f88a0000000-7f88a00bc000 rw-p 00000000 00:00 0 
7f88a00bc000-7f88a4000000 ---p 00000000 00:00 0 
7f88a4000000-7f88a4b93000 rw-p 00000000 00:00 0 
7f88a4b93000-7f88a8000000 ---p 00000000 00:00 0 
7f88a8000000-7f88a8021000 rw-p 00000000 00:00 0 
7f88a8021000-7f88ac000000 ---p 00000000 00:00 0 
7f88ac000000-7f88ac021000 rw-p 00000000 00:00 0 
7f88ac021000-7f88b0000000 ---p 00000000 00:00 0 
7f88b0000000-7f88b0021000 rw-p 00000000 00:00 0 
7f88b0021000-7f88b4000000 ---p 00000000 00:00 0 
7f88b4000000-7f88b4021000 rw-p 00000000 00:00 0 
7f88b4021000-7f88b8000000 ---p 00000000 00:00 0 
7f88b8000000-7f88b8021000 rw-p 00000000 00:00 0 
7f88b8021000-7f88bc000000 ---p 00000000 00:00 0 
7f88bc000000-7f88bc021000 rw-p 00000000 00:00 0 
7f88bc021000-7f88c0000000 ---p 00000000 00:00 0 
7f88c0000000-7f88c0122000 rw-p 00000000 00:00 0 
7f88c0122000-7f88c4000000 ---p 00000000 00:00 0 
7f88c4100000-7f88c4104000 ---p 00000000 00:00 0 
7f88c4104000-7f88c4200000 rw-p 00000000 00:00 0 
7f88c4200000-7f88c4204000 ---p 00000000 00:00 0 
7f88c4204000-7f88c4300000 rw-p 00000000 00:00 0 
7f88c4300000-7f88c4304000 ---p 00000000 00:00 0 
7f88c4304000-7f88c4400000 rw-p 00000000 00:00 0 
7f88c4400000-7f88c4404000 ---p 00000000 00:00 0 
7f88c4404000-7f88c4500000 rw-p 00000000 00:00 0 
7f88c4500000-7f88c4504000 ---p 00000000 00:00 0 
7f88c4504000-7f88c4600000 rw-p 00000000 00:00 0 
7f88c4700000-7f88c4704000 ---p 00000000 00:00 0 
7f88c4704000-7f88c4800000 rw-p 00000000 00:00 0 
7f88c4800000-7f88c4804000 ---p 00000000 00:00 0 
7f88c4804000-7f88c4900000 rw-p 00000000 00:00 0 
7f88c4900000-7f88c4904000 ---p 00000000 00:00 0 
7f88c4904000-7f88c4a00000 rw-p 00000000 00:00 0 
7f88c4a16000-7f88c4a1a000 ---p 00000000 00:00 0 
7f88c4a1a000-7f88c4b16000 rw-p 00000000 00:00 0 
7f88c4b16000-7f88c4b17000 ---p 00000000 00:00 0 
7f88c4b17000-7f88c4c18000 rw-p 00000000 00:00 0 
7f88c4c18000-7f88c4c1c000 ---p 00000000 00:00 0 
7f88c4c1c000-7f88c4d18000 rw-p 00000000 00:00 0 
7f88c4d18000-7f88c4d1c000 ---p 00000000 00:00 0 
7f88c4d1c000-7f88c4e18000 rw-p 00000000 00:00 0 
7f88c4e18000-7f88c4e1c000 ---p 00000000 00:00 0 
7f88c4e1c000-7f88c4f18000 rw-p 00000000 00:00 0 
7f88c4f18000-7f88c4f1c000 ---p 00000000 00:00 0 
7f88c4f1c000-7f88c5118000 rw-p 00000000 00:00 0 
7f88c5118000-7f88c511c000 ---p 00000000 00:00 0 
7f88c511c000-7f88c5318000 rw-p 00000000 00:00 0 
7f88c5318000-7f88c531c000 ---p 00000000 00:00 0 
7f88c531c000-7f88c5418000 rw-p 00000000 00:00 0 
7f88c5418000-7f88c541c000 ---p 00000000 00:00 0 
7f88c541c000-7f88c5518000 rw-p 00000000 00:00 0 
7f88c5518000-7f88c551c000 ---p 00000000 00:00 0 
7f88c551c000-7f88c5618000 rw-p 00000000 00:00 0 
7f88c5618000-7f88c58fe000 r--p 00000000 00:14c1 28444448                 /usr/lib/locale/locale-archive
7f88c58fe000-7f88c5902000 ---p 00000000 00:00 0 
7f88c5902000-7f88c59fe000 rw-p 00000000 00:00 0 
7f88c59fe000-7f88c5a02000 ---p 00000000 00:00 0 
7f88c5a02000-7f88c5afe000 rw-p 00000000 00:00 0 
7f88c5afe000-7f88c5aff000 ---p 00000000 00:00 0 
7f88c5aff000-7f88c6000000 rw-p 00000000 00:00 0 
7f88c6000000-7f88c6300000 rw-p 00000000 00:00 0 
7f88c6300000-7f88c6400000 rw-p 00000000 00:00 0 
7f88c64b3000-7f88c74b3000 rw-p 00000000 00:00 0 
7f88c74b3000-7f88c7723000 rwxp 00000000 00:00 0 
7f88c7723000-7f88c7a42000 ---p 00000000 00:00 0 
7f88c7a42000-7f88c8d82000 rwxp 00000000 00:00 0 
7f88c8d82000-7f88cef7a000 ---p 00000000 00:00 0 
7f88cef7a000-7f88cf23a000 rwxp 00000000 00:00 0 
7f88cf23a000-7f88d64b3000 ---p 00000000 00:00 0 
7f88d64b3000-7f88e0000000 r--s 00000000 00:194a 4611686019135192581      /nix/store/gpxl5qgg8kicmcvivwmybwjlpf7wh20l-graalvm17-ce-22.3.0/lib/modules
7f88e0000000-7f88e0638000 rw-p 00000000 00:00 0 
7f88e0638000-7f88e4000000 ---p 00000000 00:00 0 
7f88e407b000-7f88e407d000 r-xp 00000000 00:194a 4611686019135190017      /nix/store/gpxl5qgg8kicmcvivwmybwjlpf7wh20l-graalvm17-ce-22.3.0/lib/libextnet.so
7f88e407d000-7f88e407e000 r--p 00001000 00:194a 4611686019135190017      /nix/store/gpxl5qgg8kicmcvivwmybwjlpf7wh20l-graalvm17-ce-22.3.0/lib/libextnet.so
7f88e407e000-7f88e407f000 rw-p 00002000 00:194a 4611686019135190017      /nix/store/gpxl5qgg8kicmcvivwmybwjlpf7wh20l-graalvm17-ce-22.3.0/lib/libextnet.so
7f88e407f000-7f88e4080000 rw-p 00004000 00:194a 4611686019135190017      /nix/store/gpxl5qgg8kicmcvivwmybwjlpf7wh20l-graalvm17-ce-22.3.0/lib/libextnet.so
7f88e4080000-7f88e4084000 ---p 00000000 00:00 0 
7f88e4084000-7f88e40a2000 rw-p 00000000 00:00 0 
7f88e40a2000-7f88e40a9000 r-xp 00000000 00:194a 4611686019135192580      /nix/store/gpxl5qgg8kicmcvivwmybwjlpf7wh20l-graalvm17-ce-22.3.0/lib/libzip.so
7f88e40a9000-7f88e40aa000 ---p 00007000 00:194a 4611686019135192580      /nix/store/gpxl5qgg8kicmcvivwmybwjlpf7wh20l-graalvm17-ce-22.3.0/lib/libzip.so
7f88e40aa000-7f88e40ab000 r--p 00007000 00:194a 4611686019135192580      /nix/store/gpxl5qgg8kicmcvivwmybwjlpf7wh20l-graalvm17-ce-22.3.0/lib/libzip.so
7f88e40ab000-7f88e40ac000 rw-p 00008000 00:194a 4611686019135192580      /nix/store/gpxl5qgg8kicmcvivwmybwjlpf7wh20l-graalvm17-ce-22.3.0/lib/libzip.so
7f88e40ac000-7f88e40ae000 rw-p 0000b000 00:194a 4611686019135192580      /nix/store/gpxl5qgg8kicmcvivwmybwjlpf7wh20l-graalvm17-ce-22.3.0/lib/libzip.so
7f88e40ae000-7f88e40c3000 r-xp 00000000 00:194a 4611686019135192570      /nix/store/gpxl5qgg8kicmcvivwmybwjlpf7wh20l-graalvm17-ce-22.3.0/lib/libnet.so
7f88e40c3000-7f88e40c4000 ---p 00015000 00:194a 4611686019135192570      /nix/store/gpxl5qgg8kicmcvivwmybwjlpf7wh20l-graalvm17-ce-22.3.0/lib/libnet.so
7f88e40c4000-7f88e40c5000 r--p 00015000 00:194a 4611686019135192570      /nix/store/gpxl5qgg8kicmcvivwmybwjlpf7wh20l-graalvm17-ce-22.3.0/lib/libnet.so
7f88e40c5000-7f88e40c6000 rw-p 00016000 00:194a 4611686019135192570      /nix/store/gpxl5qgg8kicmcvivwmybwjlpf7wh20l-graalvm17-ce-22.3.0/lib/libnet.so
7f88e40c6000-7f88e40c9000 rw-p 0001b000 00:194a 4611686019135192570      /nix/store/gpxl5qgg8kicmcvivwmybwjlpf7wh20l-graalvm17-ce-22.3.0/lib/libnet.so
7f88e40c9000-7f88e40dc000 r-xp 00000000 00:194a 4611686019135192571      /nix/store/gpxl5qgg8kicmcvivwmybwjlpf7wh20l-graalvm17-ce-22.3.0/lib/libnio.so
7f88e40dc000-7f88e40dd000 r--p 00012000 00:194a 4611686019135192571      /nix/store/gpxl5qgg8kicmcvivwmybwjlpf7wh20l-graalvm17-ce-22.3.0/lib/libnio.so
7f88e40dd000-7f88e40de000 rw-p 00013000 00:194a 4611686019135192571      /nix/store/gpxl5qgg8kicmcvivwmybwjlpf7wh20l-graalvm17-ce-22.3.0/lib/libnio.so
7f88e40de000-7f88e40e3000 rw-p 00019000 00:194a 4611686019135192571      /nix/store/gpxl5qgg8kicmcvivwmybwjlpf7wh20l-graalvm17-ce-22.3.0/lib/libnio.so
7f88e40e3000-7f88e41b1000 r-xp 00000000 00:194a 4611686019135190036      /nix/store/gpxl5qgg8kicmcvivwmybwjlpf7wh20l-graalvm17-ce-22.3.0/lib/libjsvml.so
7f88e41b1000-7f88e41b2000 r--p 000cd000 00:194a 4611686019135190036      /nix/store/gpxl5qgg8kicmcvivwmybwjlpf7wh20l-graalvm17-ce-22.3.0/lib/libjsvml.so
7f88e41b2000-7f88e41b3000 rw-p 000ce000 00:194a 4611686019135190036      /nix/store/gpxl5qgg8kicmcvivwmybwjlpf7wh20l-graalvm17-ce-22.3.0/lib/libjsvml.so
7f88e41b3000-7f88e4a8b000 rw-p 00000000 00:00 0 
7f88e4a8b000-7f88e4a8c000 ---p 00000000 00:00 0 
7f88e4a8c000-7f88e4c37000 rw-p 00000000 00:00 0 
7f88e4c37000-7f88e4c59000 rw-p 00000000 00:00 0 
7f88e4c59000-7f88e4c8d000 ---p 00000000 00:00 0 
7f88e4c8d000-7f88e4c94000 rw-p 00000000 00:00 0 
7f88e4c94000-7f88e4d79000 ---p 00000000 00:00 0 
7f88e4d79000-7f88e4da0000 rw-p 00000000 00:00 0 
7f88e4da0000-7f88e4e64000 ---p 00000000 00:00 0 
7f88e4e64000-7f88e4e69000 rw-p 00000000 00:00 0 
7f88e4e69000-7f88e4e70000 ---p 00000000 00:00 0 
7f88e4e70000-7f88e4e94000 r-xp 00000000 00:194a 4611686019135190028      /nix/store/gpxl5qgg8kicmcvivwmybwjlpf7wh20l-graalvm17-ce-22.3.0/lib/libjava.so
7f88e4e94000-7f88e4e95000 ---p 00024000 00:194a 4611686019135190028      /nix/store/gpxl5qgg8kicmcvivwmybwjlpf7wh20l-graalvm17-ce-22.3.0/lib/libjava.so
7f88e4e95000-7f88e4e96000 r--p 00024000 00:194a 4611686019135190028      /nix/store/gpxl5qgg8kicmcvivwmybwjlpf7wh20l-graalvm17-ce-22.3.0/lib/libjava.so
7f88e4e96000-7f88e4e97000 rw-p 00025000 00:194a 4611686019135190028      /nix/store/gpxl5qgg8kicmcvivwmybwjlpf7wh20l-graalvm17-ce-22.3.0/lib/libjava.so
7f88e4e97000-7f88e4e98000 rw-p 00000000 00:00 0 
7f88e4e98000-7f88e4e9f000 rw-p 0002f000 00:194a 4611686019135190028      /nix/store/gpxl5qgg8kicmcvivwmybwjlpf7wh20l-graalvm17-ce-22.3.0/lib/libjava.so
7f88e4e9f000-7f88e4ea7000 rw-s 00000000 00:6aa 350                       /tmp/hsperfdata_runner/25
7f88e4ea7000-7f88e4ea8000 ---p 00000000 00:00 0 
7f88e4ea8000-7f88e4ea9000 r--p 00000000 00:00 0 
7f88e4ea9000-7f88e4eaa000 rwxp 00000000 00:00 0 
7f88e4eaa000-7f88e4ec5000 r-xp 00000000 00:194a 4611686019135190032      /nix/store/gpxl5qgg8kicmcvivwmybwjlpf7wh20l-graalvm17-ce-22.3.0/lib/libjimage.so
7f88e4ec5000-7f88e4ec6000 ---p 0001b000 00:194a 4611686019135190032      /nix/store/gpxl5qgg8kicmcvivwmybwjlpf7wh20l-graalvm17-ce-22.3.0/lib/libjimage.so
7f88e4ec6000-7f88e4ec8000 r--p 0001b000 00:194a 4611686019135190032      /nix/store/gpxl5qgg8kicmcvivwmybwjlpf7wh20l-graalvm17-ce-22.3.0/lib/libjimage.so
7f88e4ec8000-7f88e4ec9000 rw-p 0001d000 00:194a 4611686019135190032      /nix/store/gpxl5qgg8kicmcvivwmybwjlpf7wh20l-graalvm17-ce-22.3.0/lib/libjimage.so
7f88e4ec9000-7f88e4eca000 rw-p 00024000 00:194a 4611686019135190032      /nix/store/gpxl5qgg8kicmcvivwmybwjlpf7wh20l-graalvm17-ce-22.3.0/lib/libjimage.so
7f88e4eca000-7f88e4ece000 ---p 00000000 00:00 0 
7f88e4ece000-7f88e4fca000 rw-p 00000000 00:00 0 
7f88e4fca000-7f88e4fd8000 r--p 00000000 00:194a 4611686019027979927      /nix/store/4nlgxhb09sdr51nc9hdm8az5b08vzkgx-glibc-2.35-163/lib/libm.so.6
7f88e4fd8000-7f88e504b000 r-xp 0000e000 00:194a 4611686019027979927      /nix/store/4nlgxhb09sdr51nc9hdm8az5b08vzkgx-glibc-2.35-163/lib/libm.so.6
7f88e504b000-7f88e50a8000 r--p 00081000 00:194a 4611686019027979927      /nix/store/4nlgxhb09sdr51nc9hdm8az5b08vzkgx-glibc-2.35-163/lib/libm.so.6
7f88e50a8000-7f88e50a9000 r--p 000dd000 00:194a 4611686019027979927      /nix/store/4nlgxhb09sdr51nc9hdm8az5b08vzkgx-glibc-2.35-163/lib/libm.so.6
7f88e50a9000-7f88e50aa000 rw-p 000de000 00:194a 4611686019027979927      /nix/store/4nlgxhb09sdr51nc9hdm8az5b08vzkgx-glibc-2.35-163/lib/libm.so.6
7f88e50aa000-7f88e50ab000 r--p 00000000 00:194a 4611686019027979946      /nix/store/4nlgxhb09sdr51nc9hdm8az5b08vzkgx-glibc-2.35-163/lib/librt.so.1
7f88e50ab000-7f88e50ac000 r-xp 00001000 00:194a 4611686019027979946      /nix/store/4nlgxhb09sdr51nc9hdm8az5b08vzkgx-glibc-2.35-163/lib/librt.so.1
7f88e50ac000-7f88e50ad000 r--p 00002000 00:194a 4611686019027979946      /nix/store/4nlgxhb09sdr51nc9hdm8az5b08vzkgx-glibc-2.35-163/lib/librt.so.1
7f88e50ad000-7f88e50ae000 r--p 00002000 00:194a 4611686019027979946      /nix/store/4nlgxhb09sdr51nc9hdm8az5b08vzkgx-glibc-2.35-163/lib/librt.so.1
7f88e50ae000-7f88e50af000 rw-p 00003000 00:194a 4611686019027979946      /nix/store/4nlgxhb09sdr51nc9hdm8az5b08vzkgx-glibc-2.35-163/lib/librt.so.1
7f88e50af000-7f88e61c2000 r-xp 00000000 00:194a 4611686019135360866      /nix/store/gpxl5qgg8kicmcvivwmybwjlpf7wh20l-graalvm17-ce-22.3.0/lib/server/libjvm.so
7f88e61c2000-7f88e61c3000 ---p 01113000 00:194a 4611686019135360866      /nix/store/gpxl5qgg8kicmcvivwmybwjlpf7wh20l-graalvm17-ce-22.3.0/lib/server/libjvm.so
7f88e61c3000-7f88e6278000 r--p 01113000 00:194a 4611686019135360866      /nix/store/gpxl5qgg8kicmcvivwmybwjlpf7wh20l-graalvm17-ce-22.3.0/lib/server/libjvm.so
7f88e6278000-7f88e62ac000 rw-p 011c8000 00:194a 4611686019135360866      /nix/store/gpxl5qgg8kicmcvivwmybwjlpf7wh20l-graalvm17-ce-22.3.0/lib/server/libjvm.so
7f88e62ac000-7f88e6308000 rw-p 00000000 00:00 0 
7f88e6308000-7f88e6330000 r--p 00000000 00:194a 4611686019027979918      /nix/store/4nlgxhb09sdr51nc9hdm8az5b08vzkgx-glibc-2.35-163/lib/libc.so.6
7f88e6330000-7f88e64a6000 r-xp 00028000 00:194a 4611686019027979918      /nix/store/4nlgxhb09sdr51nc9hdm8az5b08vzkgx-glibc-2.35-163/lib/libc.so.6
7f88e64a6000-7f88e64fe000 r--p 0019e000 00:194a 4611686019027979918      /nix/store/4nlgxhb09sdr51nc9hdm8az5b08vzkgx-glibc-2.35-163/lib/libc.so.6
7f88e64fe000-7f88e6502000 r--p 001f6000 00:194a 4611686019027979918      /nix/store/4nlgxhb09sdr51nc9hdm8az5b08vzkgx-glibc-2.35-163/lib/libc.so.6
7f88e6502000-7f88e6504000 rw-p 001fa000 00:194a 4611686019027979918      /nix/store/4nlgxhb09sdr51nc9hdm8az5b08vzkgx-glibc-2.35-163/lib/libc.so.6
7f88e6504000-7f88e6513000 rw-p 00000000 00:00 0 
7f88e6513000-7f88e6514000 r--p 00000000 00:194a 4611686019027979923      /nix/store/4nlgxhb09sdr51nc9hdm8az5b08vzkgx-glibc-2.35-163/lib/libdl.so.2
7f88e6514000-7f88e6515000 r-xp 00001000 00:194a 4611686019027979923      /nix/store/4nlgxhb09sdr51nc9hdm8az5b08vzkgx-glibc-2.35-163/lib/libdl.so.2
7f88e6515000-7f88e6516000 r--p 00002000 00:194a 4611686019027979923      /nix/store/4nlgxhb09sdr51nc9hdm8az5b08vzkgx-glibc-2.35-163/lib/libdl.so.2
7f88e6516000-7f88e6517000 r--p 00002000 00:194a 4611686019027979923      /nix/store/4nlgxhb09sdr51nc9hdm8az5b08vzkgx-glibc-2.35-163/lib/libdl.so.2
7f88e6517000-7f88e6518000 rw-p 00003000 00:194a 4611686019027979923      /nix/store/4nlgxhb09sdr51nc9hdm8az5b08vzkgx-glibc-2.35-163/lib/libdl.so.2
7f88e6518000-7f88e6519000 r--p 00000000 00:194a 4611686019027979942      /nix/store/4nlgxhb09sdr51nc9hdm8az5b08vzkgx-glibc-2.35-163/lib/libpthread.so.0
7f88e6519000-7f88e651a000 r-xp 00001000 00:194a 4611686019027979942      /nix/store/4nlgxhb09sdr51nc9hdm8az5b08vzkgx-glibc-2.35-163/lib/libpthread.so.0
7f88e651a000-7f88e651b000 r--p 00002000 00:194a 4611686019027979942      /nix/store/4nlgxhb09sdr51nc9hdm8az5b08vzkgx-glibc-2.35-163/lib/libpthread.so.0
7f88e651b000-7f88e651c000 r--p 00002000 00:194a 4611686019027979942      /nix/store/4nlgxhb09sdr51nc9hdm8az5b08vzkgx-glibc-2.35-163/lib/libpthread.so.0
7f88e651c000-7f88e651d000 rw-p 00003000 00:194a 4611686019027979942      /nix/store/4nlgxhb09sdr51nc9hdm8az5b08vzkgx-glibc-2.35-163/lib/libpthread.so.0
7f88e651d000-7f88e652b000 r-xp 00000000 00:194a 4611686019135190033      /nix/store/gpxl5qgg8kicmcvivwmybwjlpf7wh20l-graalvm17-ce-22.3.0/lib/libjli.so
7f88e652b000-7f88e652c000 ---p 0000e000 00:194a 4611686019135190033      /nix/store/gpxl5qgg8kicmcvivwmybwjlpf7wh20l-graalvm17-ce-22.3.0/lib/libjli.so
7f88e652c000-7f88e652d000 r--p 0000e000 00:194a 4611686019135190033      /nix/store/gpxl5qgg8kicmcvivwmybwjlpf7wh20l-graalvm17-ce-22.3.0/lib/libjli.so
7f88e652d000-7f88e652e000 rw-p 0000f000 00:194a 4611686019135190033      /nix/store/gpxl5qgg8kicmcvivwmybwjlpf7wh20l-graalvm17-ce-22.3.0/lib/libjli.so
7f88e652e000-7f88e652f000 rw-p 00012000 00:194a 4611686019135190033      /nix/store/gpxl5qgg8kicmcvivwmybwjlpf7wh20l-graalvm17-ce-22.3.0/lib/libjli.so
7f88e652f000-7f88e6532000 r--p 00000000 00:194a 4611686019106210071      /nix/store/026hln0aq1hyshaxsdvhg0kmcm6yf45r-zlib-1.2.13/lib/libz.so.1.2.13
7f88e6532000-7f88e6544000 r-xp 00003000 00:194a 4611686019106210071      /nix/store/026hln0aq1hyshaxsdvhg0kmcm6yf45r-zlib-1.2.13/lib/libz.so.1.2.13
7f88e6544000-7f88e654b000 r--p 00015000 00:194a 4611686019106210071      /nix/store/026hln0aq1hyshaxsdvhg0kmcm6yf45r-zlib-1.2.13/lib/libz.so.1.2.13
7f88e654b000-7f88e654c000 r--p 0001b000 00:194a 4611686019106210071      /nix/store/026hln0aq1hyshaxsdvhg0kmcm6yf45r-zlib-1.2.13/lib/libz.so.1.2.13
7f88e654c000-7f88e654d000 rw-p 0001c000 00:194a 4611686019106210071      /nix/store/026hln0aq1hyshaxsdvhg0kmcm6yf45r-zlib-1.2.13/lib/libz.so.1.2.13
7f88e654d000-7f88e654f000 rw-p 00000000 00:00 0 
7f88e654f000-7f88e6551000 r--p 00000000 00:194a 4611686019027979912      /nix/store/4nlgxhb09sdr51nc9hdm8az5b08vzkgx-glibc-2.35-163/lib/ld-linux-x86-64.so.2
7f88e6551000-7f88e6578000 r-xp 00002000 00:194a 4611686019027979912      /nix/store/4nlgxhb09sdr51nc9hdm8az5b08vzkgx-glibc-2.35-163/lib/ld-linux-x86-64.so.2
7f88e6578000-7f88e6584000 r--p 00029000 00:194a 4611686019027979912      /nix/store/4nlgxhb09sdr51nc9hdm8az5b08vzkgx-glibc-2.35-163/lib/ld-linux-x86-64.so.2
7f88e6584000-7f88e6586000 r--p 00034000 00:194a 4611686019027979912      /nix/store/4nlgxhb09sdr51nc9hdm8az5b08vzkgx-glibc-2.35-163/lib/ld-linux-x86-64.so.2
7f88e6586000-7f88e6588000 rw-p 00036000 00:194a 4611686019027979912      /nix/store/4nlgxhb09sdr51nc9hdm8az5b08vzkgx-glibc-2.35-163/lib/ld-linux-x86-64.so.2
7ffc39fa1000-7ffc39fc5000 rw-p 00000000 00:00 0                          [stack]
7ffc39ff3000-7ffc39ff7000 r--p 00000000 00:00 0                          [vvar]
7ffc39ff7000-7ffc39ff9000 r-xp 00000000 00:00 0                          [vdso]
ffffffffff600000-ffffffffff601000 --xp 00000000 00:00 0                  [vsyscall]


VM Arguments:
jvm_args: -XX:ThreadPriorityPolicy=1 -XX:+UnlockExperimentalVMOptions -XX:+EnableJVMCIProduct -XX:JVMCIThreadsPerNativeLibraryRuntime=1 -XX:-UnlockExperimentalVMOptions -Declipse.application=org.eclipse.jdt.ls.core.id1 -Dosgi.bundles.defaultStartLevel=4 -Declipse.product=org.eclipse.jdt.ls.core.product -Dlog.level=ALL -Xverify:none -XX:+UseParallelGC -XX:GCTimeRatio=4 -XX:AdaptiveSizePolicyWeight=90 -Dsun.zip.disableMemoryMapping=true -Xmx512m -Xms100m 
java_command: /nix/store/m6gcpi1ii6rghy04cjwjddcavv7i90df-jdt-language-server-1.9.0/share/java/plugins/org.eclipse.equinox.launcher_1.6.400.v20210924-0641.jar --add-modules=ALL-SYSTEM --add-opens java.base/java.util=ALL-UNNAMED --add-opens java.base/java.lang=ALL-UNNAMED -configuration /home/runner/.cache/jdt-language-server/config -data /home/runner/.cache/jdt-language-server/data/home/runner/finalProgect
java_class_path (initial): /nix/store/m6gcpi1ii6rghy04cjwjddcavv7i90df-jdt-language-server-1.9.0/share/java/plugins/org.eclipse.equinox.launcher_1.6.400.v20210924-0641.jar
Launcher Type: SUN_STANDARD

[Global flags]
    uintx AdaptiveSizePolicyWeight                 = 90                                        {product} {command line}
     intx CICompilerCount                          = 2                                         {product} {ergonomic}
     bool EnableJVMCIProduct                       = true                                {JVMCI product} {jimage}
    uintx GCTimeRatio                              = 4                                         {product} {command line}
   size_t InitialHeapSize                          = 104857600                                 {product} {command line}
     uint JVMCIThreadsPerNativeLibraryRuntime      = 1                                   {JVMCI product} {jimage}
   size_t MaxHeapSize                              = 536870912                                 {product} {command line}
   size_t MaxNewSize                               = 178782208                                 {product} {ergonomic}
   size_t MinHeapDeltaBytes                        = 524288                                    {product} {ergonomic}
   size_t MinHeapSize                              = 104857600                                 {product} {command line}
   size_t NewSize                                  = 34603008                                  {product} {ergonomic}
    uintx NonNMethodCodeHeapSize                   = 5826188                                {pd product} {ergonomic}
    uintx NonProfiledCodeHeapSize                  = 122916026                              {pd product} {ergonomic}
   size_t OldSize                                  = 70254592                                  {product} {ergonomic}
    uintx ProfiledCodeHeapSize                     = 122916026                              {pd product} {ergonomic}
    uintx ReservedCodeCacheSize                    = 251658240                              {pd product} {ergonomic}
     bool SegmentedCodeCache                       = true                                      {product} {ergonomic}
   size_t SoftMaxHeapSize                          = 536870912                              {manageable} {ergonomic}
     intx ThreadPriorityPolicy                     = 1                                         {product} {jimage}
     bool UseCompressedClassPointers               = true                           {product lp64_product} {ergonomic}
     bool UseCompressedOops                        = true                           {product lp64_product} {ergonomic}
     bool UseParallelGC                            = true                                      {product} {command line}

Logging:
Log output configuration:
 #0: stdout all=warning uptime,level,tags
 #1: stderr all=off uptime,level,tags

Environment Variables:
JAVA_HOME=/nix/store/gpxl5qgg8kicmcvivwmybwjlpf7wh20l-graalvm17-ce-22.3.0
PATH=/nix/store/1d6ian3r8kdzspw8hacjhl3xkp40g1lj-binutils-wrapper-2.39/bin:/nix/store/dq0xwmsk1g0i2ayg6pb7y87na2knzylh-gcc-wrapper-11.3.0/bin:/nix/store/bap4d0lpcrhpwmpb8ayjcgkmvfj62lnq-bash-interactive-5.1-p16/bin:/nix/store/pr5n59mb4jzmfx6kanwxly0l07p861fg-patchelf-0.15.0/bin:/nix/store/1gf2flfqnpqbr1b4p4qz2f72y42bs56r-gcc-11.3.0/bin:/nix/store/57xv61c5zi8pphjbcwxxjlgc34p61ic9-glibc-2.35-163-bin/bin:/nix/store/a7gvj343m05j2s32xcnwr35v31ynlypr-coreutils-9.1/bin:/nix/store/039g378vc3pc3dvi9dzdlrd0i4q93qwf-binutils-2.39/bin:/nix/store/gpxl5qgg8kicmcvivwmybwjlpf7wh20l-graalvm17-ce-22.3.0/bin:/nix/store/6z9ag3ihc8mq2hzsw48lhbznvzny65nz-apache-maven-3.8.6/bin:/nix/store/m6gcpi1ii6rghy04cjwjddcavv7i90df-jdt-language-server-1.9.0/bin:/nix/store/84xs5alhs01zrbr4ywm05kxbjbp5590l-java-debug/bin:/nix/store/mydc6f4k2z73xlcz7ilif3v2lcaiqvza-findutils-4.9.0/bin:/nix/store/j9p3g8472iijd50vhdprx0nmk2fqn5gv-diffutils-3.8/bin:/nix/store/89zs7rms6x00xfq4dq6m7mjnhkr8a6r4-gnused-4.8/bin:/nix/store/86bp03jkmsl6f92w0yzg4s59g5mhxwmy-gnugrep-3.7/bin:/nix/store/hwcdqw4jrjnd37wxqgsd47hd0j8bnj09-gawk-5.1.1/bin:/nix/store/cfbhw8r8ags41vwqaz47r583d0p4h4a1-gnutar-1.34/bin:/nix/store/p3m1ndl1lapwrlh698bnb5lvvxh67378-gzip-1.12/bin:/nix/store/a8mhcagrsly7c7mpjrpsnaahk4aax056-bzip2-1.0.8-bin/bin:/nix/store/mblgz65m3zv9x548a3d5m96fj2pbwr09-gnumake-4.3/bin:/nix/store/dsd5gz46hdbdk2rfdimqddhq6m8m8fqs-bash-5.1-p16/bin:/nix/store/v7ljksji50mg3w61dykaa3n3y79n6nil-patch-2.7.6/bin:/nix/store/zlcnmqq14jz5x9439jf937mvayyl63da-xz-5.2.7-bin/bin:/nix/store/y6aj732zm9m87c82fpvf103a1xb22blp-file-5.43/bin:/nix/store/sgqd0ajghcv2axfl1lad0b1alyavp0dc-prybar-elisp-0.0.0-67f7a00/bin:/nix/store/p3hsvljpgs68jqwar41lc0jqhjj734lf-prybar-lua-0.0.0-67f7a00/bin:/nix/store/qzxs2gybds3s9kb1vkaflpgm2nwr85fh-prybar-python3-0.0.0-67f7a00/bin:/nix/store/km94z9mxp8w4m8gxxp5mbfpdf3nkfvd8-prybar-sqlite-0.0.0-67f7a00/bin:/nix/store/2pnc7b76asw0z59c4l6h6qy8arwqrii1-prybar-tcl-0.0.0-67f7a00/bin:/nix/store/hpbvrlwd5viqmvcaisb3x0118i913a9n-st
LD_LIBRARY_PATH=/nix/store/a4pff549sk2idnkpzk5nsfps3mdkdnvm-cups-2.4.2-lib/lib:/nix/store/72mqxxhh3cy5yifh92wh2yb8cl2hikyy-cairo-1.16.0/lib:/nix/store/2k366jrbsra97gjfxwvrhvixjfxdach5-glib-2.74.1/lib:/nix/store/2j2znigd8ak37rlwh9khz0ry3clqlw1l-gtk+3-3.24.34/lib:/nix/store/hisqvx32cd57apbpcsnkpx6k3549wql1-libglvnd-1.4.0/lib:/nix/store/p36pgcv991mq5srvg765b78yqpxvk3qs-mesa-21.3.3-drivers/lib:/nix/store/mav4251if1ahjq5vkpwycyyvnmy459c4-pulseaudio-14.2/lib
DISPLAY=:0
LANG=en_US.UTF-8

Signal Handlers:
   SIGSEGV: crash_handler in libjvm.so, mask=11100100010111111101111111111110, flags=SA_RESTART|SA_SIGINFO
    SIGBUS: crash_handler in libjvm.so, mask=11100100010111111101111111111110, flags=SA_RESTART|SA_SIGINFO
    SIGFPE: crash_handler in libjvm.so, mask=11100100010111111101111111111110, flags=SA_RESTART|SA_SIGINFO
   SIGPIPE: IsolateEnterStub_IgnoreSIGPIPEStartupHook_noopSignalHandler_8f19bff2f35b5f630d83b364d6b2339320d4ec70_216e8361c6bc87a8f89f58cc10d3b2fd4415bf87 in libjvmcicompiler.so, mask=00000000000000000000000000000000, flags=SA_RESTART
  *** Handler was modified!
  *** Expected: javaSignalHandler in libjvm.so, mask=11100100110111111111111111111110, flags=SA_RESTART|SA_SIGINFO
   SIGXFSZ: javaSignalHandler in libjvm.so, mask=11100100010111111101111111111110, flags=SA_RESTART|SA_SIGINFO
    SIGILL: crash_handler in libjvm.so, mask=11100100010111111101111111111110, flags=SA_RESTART|SA_SIGINFO
   SIGUSR2: SR_handler in libjvm.so, mask=00000000000000000000000000000000, flags=SA_RESTART|SA_SIGINFO
    SIGHUP: UserHandler in libjvm.so, mask=11100100010111111101111111111110, flags=SA_RESTART|SA_SIGINFO
    SIGINT: UserHandler in libjvm.so, mask=11100100010111111101111111111110, flags=SA_RESTART|SA_SIGINFO
   SIGTERM: UserHandler in libjvm.so, mask=11100100010111111101111111111110, flags=SA_RESTART|SA_SIGINFO
   SIGQUIT: UserHandler in libjvm.so, mask=11100100010111111101111111111110, flags=SA_RESTART|SA_SIGINFO
  *** Handler was modified!
  *** Expected: javaSignalHandler in libjvm.so, mask=11100100110111111111111111111110, flags=SA_RESTART|SA_SIGINFO
   SIGTRAP: crash_handler in libjvm.so, mask=11100100010111111101111111111110, flags=SA_RESTART|SA_SIGINFO


---------------  S Y S T E M  ---------------

OS:
DISTRIB_ID=Ubuntu
DISTRIB_RELEASE=20.04
DISTRIB_CODENAME=focal
DISTRIB_DESCRIPTION="Ubuntu 20.04.2 LTS"
uname: Linux 5.15.0-1030-gcp #37~20.04.1-Ubuntu SMP Mon Feb 20 04:30:57 UTC 2023 x86_64
OS uptime: 0 days 4:16 hours
libc: glibc 2.35 NPTL 2.35 
rlimit (soft/hard): STACK 8192k/infinity , CORE infinity/infinity , NPROC infinity/infinity , NOFILE 5242/5242 , AS infinity/infinity , CPU infinity/infinity , DATA infinity/infinity , FSIZE infinity/infinity , MEMLOCK 64k/64k
load average: 14.53 13.14 13.33

/proc/meminfo:
MemTotal:       65852728 kB
MemFree:        25793452 kB
MemAvailable:   50680268 kB
Buffers:         2663016 kB
Cached:         20898236 kB
SwapCached:            0 kB
Active:          9864272 kB
Inactive:       26340968 kB
Active(anon):      13884 kB
Inactive(anon): 12385300 kB
Active(file):    9850388 kB
Inactive(file): 13955668 kB
Unevictable:       43412 kB
Mlocked:           43412 kB
SwapTotal:             0 kB
SwapFree:              0 kB
Dirty:              4512 kB
Writeback:             0 kB
AnonPages:      11647480 kB
Mapped:          1931572 kB
Shmem:             41476 kB
KReclaimable:    1807360 kB
Slab:            2949096 kB
SReclaimable:    1807360 kB
SUnreclaim:      1141736 kB
KernelStack:      385988 kB
PageTables:       133896 kB
NFS_Unstable:          0 kB
Bounce:                0 kB
WritebackTmp:          0 kB
CommitLimit:    32926364 kB
Committed_AS:   57729664 kB
VmallocTotal:   34359738367 kB
VmallocUsed:      419376 kB
VmallocChunk:          0 kB
Percpu:            52480 kB
HardwareCorrupted:     0 kB
AnonHugePages:    747520 kB
ShmemHugePages:        0 kB
ShmemPmdMapped:        0 kB
FileHugePages:         0 kB
FilePmdMapped:         0 kB
HugePages_Total:       0
HugePages_Free:        0
HugePages_Rsvd:        0
HugePages_Surp:        0
Hugepagesize:       2048 kB
Hugetlb:               0 kB
DirectMap4k:     4033344 kB
DirectMap2M:    44197888 kB
DirectMap1G:    20971520 kB

/sys/kernel/mm/transparent_hugepage/enabled: always [madvise] never
/sys/kernel/mm/transparent_hugepage/defrag (defrag/compaction efforts parameter): always defer defer+madvise [madvise] never

Process Memory:
Virtual Size: 5454936K (peak: 5496636K)
Resident Set Size: 749260K (peak: 791628K) (anon: 552260K, file: 197000K, shmem: 0K)
Swapped out: 0K
C-Heap outstanding allocations: 42427K, retained: 14092K
glibc malloc tunables: (default)

/proc/sys/kernel/threads-max (system-wide limit on the number of threads): 514406
/proc/sys/vm/max_map_count (maximum number of memory map areas a process may have): 65530
/proc/sys/kernel/pid_max (system-wide limit on number of process identifiers): 4194304

container (cgroup) information:
container_type: cgroupv1
cpu_cpuset_cpus: 2-7
cpu_memory_nodes: 0
active_processor_count: 1
cpu_quota: 50000
cpu_period: 100000
cpu_shares: 512
memory_limit_in_bytes: 1048576 k
memory_and_swap_limit_in_bytes: 1048576 k
memory_soft_limit_in_bytes: 524288 k
memory_usage_in_bytes: 596696 k
memory_max_usage_in_bytes: 637660 k
maximum number of tasks: 1000
current number of tasks: 60

KVM virtualization detected
Steal ticks since vm start: 0
Steal ticks percentage since vm start:  0.000

CPU: total 8 (initial active 1) (8 cores per cpu, 2 threads per core) family 23 model 49 stepping 0 microcode 0xffffffff, cx8, cmov, fxsr, ht, mmx, 3dnowpref, sse, sse2, sse3, ssse3, sse4a, sse4.1, sse4.2, popcnt, lzcnt, tsc, tscinvbit, avx, avx2, aes, clmul, bmi1, bmi2, adx, sha, fma, vzeroupper, clflush, clflushopt, hv
CPU Model and flags from /proc/cpuinfo:
model name	: AMD EPYC 7B12
flags		: fpu vme de pse tsc msr pae mce cx8 apic sep mtrr pge mca cmov pat pse36 clflush mmx fxsr sse sse2 ht syscall nx mmxext fxsr_opt pdpe1gb rdtscp lm constant_tsc rep_good nopl nonstop_tsc cpuid extd_apicid tsc_known_freq pni pclmulqdq ssse3 fma cx16 sse4_1 sse4_2 movbe popcnt aes xsave avx f16c rdrand hypervisor lahf_lm cmp_legacy cr8_legacy abm sse4a misalignsse 3dnowprefetch osvw topoext ssbd ibrs ibpb stibp vmmcall fsgsbase tsc_adjust bmi1 avx2 smep bmi2 rdseed adx smap clflushopt clwb sha_ni xsaveopt xsavec xgetbv1 clzero xsaveerptr arat npt nrip_save umip rdpid

Online cpus: 0-7
Offline cpus: 
BIOS frequency limitation: <Not Available>
Frequency switch latency (ns): <Not Available>
Available cpu frequencies: <Not Available>
Current governor: <Not Available>
Core performance/turbo boost: <Not Available>

Memory: 4k page, physical 1048576k(451876k free), swap 0k(0k free)
Page Sizes: 4k

vm_info: OpenJDK 64-Bit Server VM (17.0.5+8-jvmci-22.3-b08) for linux-amd64 JRE (17.0.5+8-jvmci-22.3-b08), built on Oct 19 2022 09:01:27 by "buildslave" with gcc 10.3.0

END.
